<?xml version="1.0" encoding="UTF-8"?>
<testsuite xmlns:xsi="http://www.w3.org/2001/XMLSchema-instance" xsi:noNamespaceSchemaLocation="https://maven.apache.org/surefire/maven-surefire-plugin/xsd/surefire-test-report-3.0.xsd" version="3.0" name="com.ecommerce.project.SbEcomApplicationTests" time="59.389" tests="1" errors="0" skipped="0" failures="0">
  <properties>
[...]
</properties>
  <testcase name="contextLoads" classname="com.ecommerce.project.SbEcomApplicationTests" time="1.23">
    <system-out><![CDATA[12:10:58.990 [main] INFO org.springframework.test.context.support.AnnotationConfigContextLoaderUtils -- Could not detect default configuration classes for test class [com.ecommerce.project.SbEcomApplicationTests]: SbEcomApplicationTests does not declare any static, non-private, non-final, nested classes annotated with @Configuration.
12:10:59.333 [main] INFO org.springframework.boot.test.context.SpringBootTestContextBootstrapper -- Found @SpringBootConfiguration com.ecommerce.project.SbEcomApplication for test class com.ecommerce.project.SbEcomApplicationTests
12:10:59.714 [main] INFO org.springframework.boot.devtools.restart.RestartApplicationListener -- Restart disabled due to context in which it is running

  .   ____          _            __ _ _
 /\\ / ___'_ __ _ _(_)_ __  __ _ \ \ \ \
( ( )\___ | '_ | '_| | '_ \/ _` | \ \ \ \
 \\/  ___)| |_)| | | | | || (_| |  ) ) ) )
  '  |____| .__|_| |_|_| |_\__, | / / / /
 =========|_|==============|___/=/_/_/_/
 :: Spring Boot ::                (v3.2.5)

2025-06-21T12:11:00.533+05:30  INFO 8788 --- [sb-ecom] [           main] c.e.project.SbEcomApplicationTests       : Starting SbEcomApplicationTests using Java 21.0.6 with PID 8788 (started by klpppe in C:\files\sb-ecom\sb-ecom)
2025-06-21T12:11:00.535+05:30 DEBUG 8788 --- [sb-ecom] [           main] c.e.project.SbEcomApplicationTests       : Running with Spring Boot v3.2.5, Spring v6.1.6
2025-06-21T12:11:00.536+05:30  INFO 8788 --- [sb-ecom] [           main] c.e.project.SbEcomApplicationTests       : No active profile set, falling back to 1 default profile: "default"
2025-06-21T12:11:00.538+05:30 DEBUG 8788 --- [sb-ecom] [           main] o.s.boot.SpringApplication               : Loading source class com.ecommerce.project.SbEcomApplication
2025-06-21T12:11:00.613+05:30 DEBUG 8788 --- [sb-ecom] [           main] o.s.w.c.s.GenericWebApplicationContext   : Refreshing org.springframework.web.context.support.GenericWebApplicationContext@60afd40d
2025-06-21T12:11:00.651+05:30 DEBUG 8788 --- [sb-ecom] [           main] o.s.b.f.s.DefaultListableBeanFactory     : Creating shared instance of singleton bean 'org.springframework.context.annotation.internalConfigurationAnnotationProcessor'
2025-06-21T12:11:00.695+05:30 DEBUG 8788 --- [sb-ecom] [           main] o.s.b.f.s.DefaultListableBeanFactory     : Creating shared instance of singleton bean 'org.springframework.boot.autoconfigure.internalCachingMetadataReaderFactory'
2025-06-21T12:11:00.833+05:30 DEBUG 8788 --- [sb-ecom] [           main] o.s.c.a.ClassPathBeanDefinitionScanner   : Identified candidate component class: file [C:\files\sb-ecom\sb-ecom\target\classes\com\ecommerce\project\config\AppConfig.class]
2025-06-21T12:11:00.839+05:30 DEBUG 8788 --- [sb-ecom] [           main] o.s.c.a.ClassPathBeanDefinitionScanner   : Identified candidate component class: file [C:\files\sb-ecom\sb-ecom\target\classes\com\ecommerce\project\config\WebMvcConfig.class]
2025-06-21T12:11:00.889+05:30 DEBUG 8788 --- [sb-ecom] [           main] o.s.c.a.ClassPathBeanDefinitionScanner   : Identified candidate component class: file [C:\files\sb-ecom\sb-ecom\target\classes\com\ecommerce\project\controller\AddressController.class]
2025-06-21T12:11:00.933+05:30 DEBUG 8788 --- [sb-ecom] [           main] o.s.c.a.ClassPathBeanDefinitionScanner   : Identified candidate component class: file [C:\files\sb-ecom\sb-ecom\target\classes\com\ecommerce\project\controller\AuthController.class]
2025-06-21T12:11:00.937+05:30 DEBUG 8788 --- [sb-ecom] [           main] o.s.c.a.ClassPathBeanDefinitionScanner   : Identified candidate component class: file [C:\files\sb-ecom\sb-ecom\target\classes\com\ecommerce\project\controller\CartController.class]
2025-06-21T12:11:00.943+05:30 DEBUG 8788 --- [sb-ecom] [           main] o.s.c.a.ClassPathBeanDefinitionScanner   : Identified candidate component class: file [C:\files\sb-ecom\sb-ecom\target\classes\com\ecommerce\project\controller\CategoryController.class]
2025-06-21T12:11:00.948+05:30 DEBUG 8788 --- [sb-ecom] [           main] o.s.c.a.ClassPathBeanDefinitionScanner   : Identified candidate component class: file [C:\files\sb-ecom\sb-ecom\target\classes\com\ecommerce\project\controller\OrderController.class]
2025-06-21T12:11:00.953+05:30 DEBUG 8788 --- [sb-ecom] [           main] o.s.c.a.ClassPathBeanDefinitionScanner   : Identified candidate component class: file [C:\files\sb-ecom\sb-ecom\target\classes\com\ecommerce\project\controller\ProductController.class]
2025-06-21T12:11:00.971+05:30 DEBUG 8788 --- [sb-ecom] [           main] o.s.c.a.ClassPathBeanDefinitionScanner   : Identified candidate component class: file [C:\files\sb-ecom\sb-ecom\target\classes\com\ecommerce\project\exceptions\MyGlobalExceptionHandler.class]
2025-06-21T12:11:01.170+05:30 DEBUG 8788 --- [sb-ecom] [           main] o.s.c.a.ClassPathBeanDefinitionScanner   : Ignored because not a concrete top-level class: file [C:\files\sb-ecom\sb-ecom\target\classes\com\ecommerce\project\repositories\OrderItemRepository.class]
2025-06-21T12:11:01.173+05:30 DEBUG 8788 --- [sb-ecom] [           main] o.s.c.a.ClassPathBeanDefinitionScanner   : Ignored because not a concrete top-level class: file [C:\files\sb-ecom\sb-ecom\target\classes\com\ecommerce\project\repositories\OrderRepository.class]
2025-06-21T12:11:01.178+05:30 DEBUG 8788 --- [sb-ecom] [           main] o.s.c.a.ClassPathBeanDefinitionScanner   : Ignored because not a concrete top-level class: file [C:\files\sb-ecom\sb-ecom\target\classes\com\ecommerce\project\repositories\PaymentRepository.class]
2025-06-21T12:11:01.182+05:30 DEBUG 8788 --- [sb-ecom] [           main] o.s.c.a.ClassPathBeanDefinitionScanner   : Ignored because not a concrete top-level class: file [C:\files\sb-ecom\sb-ecom\target\classes\com\ecommerce\project\repositories\ProductRepository.class]
2025-06-21T12:11:01.187+05:30 DEBUG 8788 --- [sb-ecom] [           main] o.s.c.a.ClassPathBeanDefinitionScanner   : Ignored because not a concrete top-level class: file [C:\files\sb-ecom\sb-ecom\target\classes\com\ecommerce\project\repositories\UserRepository.class]
2025-06-21T12:11:01.192+05:30 DEBUG 8788 --- [sb-ecom] [           main] o.s.c.a.ClassPathBeanDefinitionScanner   : Identified candidate component class: file [C:\files\sb-ecom\sb-ecom\target\classes\com\ecommerce\project\security\jwt\AuthEntryPointJwt.class]
2025-06-21T12:11:01.196+05:30 DEBUG 8788 --- [sb-ecom] [           main] o.s.c.a.ClassPathBeanDefinitionScanner   : Identified candidate component class: file [C:\files\sb-ecom\sb-ecom\target\classes\com\ecommerce\project\security\jwt\AuthTokenFilter.class]
2025-06-21T12:11:01.200+05:30 DEBUG 8788 --- [sb-ecom] [           main] o.s.c.a.ClassPathBeanDefinitionScanner   : Identified candidate component class: file [C:\files\sb-ecom\sb-ecom\target\classes\com\ecommerce\project\security\jwt\JwtUtils.class]
2025-06-21T12:11:01.258+05:30 DEBUG 8788 --- [sb-ecom] [           main] o.s.c.a.ClassPathBeanDefinitionScanner   : Identified candidate component class: file [C:\files\sb-ecom\sb-ecom\target\classes\com\ecommerce\project\security\services\UserDetailsServiceImpl.class]
2025-06-21T12:11:01.289+05:30 DEBUG 8788 --- [sb-ecom] [           main] o.s.c.a.ClassPathBeanDefinitionScanner   : Identified candidate component class: file [C:\files\sb-ecom\sb-ecom\target\classes\com\ecommerce\project\security\WebConfig.class]
2025-06-21T12:11:01.333+05:30 DEBUG 8788 --- [sb-ecom] [           main] o.s.c.a.ClassPathBeanDefinitionScanner   : Identified candidate component class: file [C:\files\sb-ecom\sb-ecom\target\classes\com\ecommerce\project\security\WebSecurityConfig.class]
2025-06-21T12:11:01.356+05:30 DEBUG 8788 --- [sb-ecom] [           main] o.s.c.a.ClassPathBeanDefinitionScanner   : Identified candidate component class: file [C:\files\sb-ecom\sb-ecom\target\classes\com\ecommerce\project\service\AddressServiceImpl.class]
2025-06-21T12:11:01.401+05:30 DEBUG 8788 --- [sb-ecom] [           main] o.s.c.a.ClassPathBeanDefinitionScanner   : Identified candidate component class: file [C:\files\sb-ecom\sb-ecom\target\classes\com\ecommerce\project\service\CartServiceImpl.class]
2025-06-21T12:11:01.435+05:30 DEBUG 8788 --- [sb-ecom] [           main] o.s.c.a.ClassPathBeanDefinitionScanner   : Identified candidate component class: file [C:\files\sb-ecom\sb-ecom\target\classes\com\ecommerce\project\service\CategoryServiceImpl.class]
2025-06-21T12:11:01.443+05:30 DEBUG 8788 --- [sb-ecom] [           main] o.s.c.a.ClassPathBeanDefinitionScanner   : Identified candidate component class: file [C:\files\sb-ecom\sb-ecom\target\classes\com\ecommerce\project\service\FileServiceImpl.class]
2025-06-21T12:11:01.450+05:30 DEBUG 8788 --- [sb-ecom] [           main] o.s.c.a.ClassPathBeanDefinitionScanner   : Identified candidate component class: file [C:\files\sb-ecom\sb-ecom\target\classes\com\ecommerce\project\service\OrderServiceImpl.class]
2025-06-21T12:11:01.488+05:30 DEBUG 8788 --- [sb-ecom] [           main] o.s.c.a.ClassPathBeanDefinitionScanner   : Identified candidate component class: file [C:\files\sb-ecom\sb-ecom\target\classes\com\ecommerce\project\service\ProductServiceImpl.class]
2025-06-21T12:11:01.495+05:30 DEBUG 8788 --- [sb-ecom] [           main] o.s.c.a.ClassPathBeanDefinitionScanner   : Identified candidate component class: file [C:\files\sb-ecom\sb-ecom\target\classes\com\ecommerce\project\service\StripeServiceImpl.class]
2025-06-21T12:11:01.498+05:30 DEBUG 8788 --- [sb-ecom] [           main] o.s.c.a.ClassPathBeanDefinitionScanner   : Identified candidate component class: file [C:\files\sb-ecom\sb-ecom\target\classes\com\ecommerce\project\util\AuthUtil.class]
2025-06-21T12:11:02.904+05:30  INFO 8788 --- [sb-ecom] [           main] .s.d.r.c.RepositoryConfigurationDelegate : Bootstrapping Spring Data JPA repositories in DEFAULT mode.
2025-06-21T12:11:02.917+05:30 DEBUG 8788 --- [sb-ecom] [           main] o.s.b.f.s.DefaultListableBeanFactory     : Creating shared instance of singleton bean 'org.springframework.boot.autoconfigure.AutoConfigurationPackages'
2025-06-21T12:11:02.935+05:30 DEBUG 8788 --- [sb-ecom] [           main] o.s.b.a.AutoConfigurationPackages        : @EnableAutoConfiguration was declared on a class in the package 'com.ecommerce.project'. Automatic @Repository and @Entity scanning is enabled.
2025-06-21T12:11:02.937+05:30 DEBUG 8788 --- [sb-ecom] [           main] .s.d.r.c.RepositoryConfigurationDelegate : Scanning for JPA repositories in packages com.ecommerce.project.
2025-06-21T12:11:02.972+05:30 DEBUG 8788 --- [sb-ecom] [           main] o.s.d.r.c.RepositoryComponentProvider    : Identified candidate component class: file [C:\files\sb-ecom\sb-ecom\target\classes\com\ecommerce\project\repositories\AddressRepository.class]
2025-06-21T12:11:02.973+05:30 DEBUG 8788 --- [sb-ecom] [           main] o.s.d.r.c.RepositoryComponentProvider    : Identified candidate component class: file [C:\files\sb-ecom\sb-ecom\target\classes\com\ecommerce\project\repositories\CartItemRepository.class]
2025-06-21T12:11:02.974+05:30 DEBUG 8788 --- [sb-ecom] [           main] o.s.d.r.c.RepositoryComponentProvider    : Identified candidate component class: file [C:\files\sb-ecom\sb-ecom\target\classes\com\ecommerce\project\repositories\CartRepository.class]
2025-06-21T12:11:02.975+05:30 DEBUG 8788 --- [sb-ecom] [           main] o.s.d.r.c.RepositoryComponentProvider    : Identified candidate component class: file [C:\files\sb-ecom\sb-ecom\target\classes\com\ecommerce\project\repositories\CategoryRepository.class]
2025-06-21T12:11:02.975+05:30 DEBUG 8788 --- [sb-ecom] [           main] o.s.d.r.c.RepositoryComponentProvider    : Identified candidate component class: file [C:\files\sb-ecom\sb-ecom\target\classes\com\ecommerce\project\repositories\OrderItemRepository.class]
2025-06-21T12:11:02.975+05:30 DEBUG 8788 --- [sb-ecom] [           main] o.s.d.r.c.RepositoryComponentProvider    : Identified candidate component class: file [C:\files\sb-ecom\sb-ecom\target\classes\com\ecommerce\project\repositories\OrderRepository.class]
2025-06-21T12:11:02.976+05:30 DEBUG 8788 --- [sb-ecom] [           main] o.s.d.r.c.RepositoryComponentProvider    : Identified candidate component class: file [C:\files\sb-ecom\sb-ecom\target\classes\com\ecommerce\project\repositories\PaymentRepository.class]
2025-06-21T12:11:02.976+05:30 DEBUG 8788 --- [sb-ecom] [           main] o.s.d.r.c.RepositoryComponentProvider    : Identified candidate component class: file [C:\files\sb-ecom\sb-ecom\target\classes\com\ecommerce\project\repositories\ProductRepository.class]
2025-06-21T12:11:02.976+05:30 DEBUG 8788 --- [sb-ecom] [           main] o.s.d.r.c.RepositoryComponentProvider    : Identified candidate component class: file [C:\files\sb-ecom\sb-ecom\target\classes\com\ecommerce\project\repositories\RoleRepository.class]
2025-06-21T12:11:02.976+05:30 DEBUG 8788 --- [sb-ecom] [           main] o.s.d.r.c.RepositoryComponentProvider    : Identified candidate component class: file [C:\files\sb-ecom\sb-ecom\target\classes\com\ecommerce\project\repositories\UserRepository.class]
2025-06-21T12:11:03.058+05:30 DEBUG 8788 --- [sb-ecom] [           main] ssPathScanningCandidateComponentProvider : Identified candidate component class: file [C:\files\sb-ecom\sb-ecom\target\classes\com\ecommerce\project\security\services\UserDetailsImpl.class]
2025-06-21T12:11:03.059+05:30 DEBUG 8788 --- [sb-ecom] [           main] ssPathScanningCandidateComponentProvider : Identified candidate component class: file [C:\files\sb-ecom\sb-ecom\target\classes\com\ecommerce\project\security\services\UserDetailsServiceImpl.class]
2025-06-21T12:11:03.060+05:30 DEBUG 8788 --- [sb-ecom] [           main] ssPathScanningCandidateComponentProvider : Identified candidate component class: file [C:\files\sb-ecom\sb-ecom\target\classes\com\ecommerce\project\service\AddressServiceImpl.class]
2025-06-21T12:11:03.060+05:30 DEBUG 8788 --- [sb-ecom] [           main] ssPathScanningCandidateComponentProvider : Identified candidate component class: file [C:\files\sb-ecom\sb-ecom\target\classes\com\ecommerce\project\service\CartServiceImpl.class]
2025-06-21T12:11:03.060+05:30 DEBUG 8788 --- [sb-ecom] [           main] ssPathScanningCandidateComponentProvider : Identified candidate component class: file [C:\files\sb-ecom\sb-ecom\target\classes\com\ecommerce\project\service\CategoryServiceImpl.class]
2025-06-21T12:11:03.060+05:30 DEBUG 8788 --- [sb-ecom] [           main] ssPathScanningCandidateComponentProvider : Identified candidate component class: file [C:\files\sb-ecom\sb-ecom\target\classes\com\ecommerce\project\service\FileServiceImpl.class]
2025-06-21T12:11:03.061+05:30 DEBUG 8788 --- [sb-ecom] [           main] ssPathScanningCandidateComponentProvider : Identified candidate component class: file [C:\files\sb-ecom\sb-ecom\target\classes\com\ecommerce\project\service\OrderServiceImpl.class]
2025-06-21T12:11:03.061+05:30 DEBUG 8788 --- [sb-ecom] [           main] ssPathScanningCandidateComponentProvider : Identified candidate component class: file [C:\files\sb-ecom\sb-ecom\target\classes\com\ecommerce\project\service\ProductServiceImpl.class]
2025-06-21T12:11:03.061+05:30 DEBUG 8788 --- [sb-ecom] [           main] ssPathScanningCandidateComponentProvider : Identified candidate component class: file [C:\files\sb-ecom\sb-ecom\target\classes\com\ecommerce\project\service\StripeServiceImpl.class]
2025-06-21T12:11:03.119+05:30  INFO 8788 --- [sb-ecom] [           main] .s.d.r.c.RepositoryConfigurationDelegate : Finished Spring Data repository scanning in 178 ms. Found 10 JPA repository interfaces.
2025-06-21T12:11:03.436+05:30 DEBUG 8788 --- [sb-ecom] [           main] o.s.b.f.s.DefaultListableBeanFactory     : Creating shared instance of singleton bean 'springSecurityHandlerMappingIntrospectorBeanDefinitionRegistryPostProcessor'
2025-06-21T12:11:03.728+05:30 DEBUG 8788 --- [sb-ecom] [           main] o.s.b.f.s.DefaultListableBeanFactory     : Creating shared instance of singleton bean 'propertySourcesPlaceholderConfigurer'
2025-06-21T12:11:03.737+05:30 DEBUG 8788 --- [sb-ecom] [           main] o.s.b.f.s.DefaultListableBeanFactory     : Creating shared instance of singleton bean 'org.springframework.boot.test.mock.mockito.MockitoPostProcessor'
2025-06-21T12:11:03.742+05:30 DEBUG 8788 --- [sb-ecom] [           main] o.s.b.f.s.DefaultListableBeanFactory     : Creating shared instance of singleton bean 'emBeanDefinitionRegistrarPostProcessor'
2025-06-21T12:11:03.743+05:30 DEBUG 8788 --- [sb-ecom] [           main] o.s.b.f.s.DefaultListableBeanFactory     : Creating shared instance of singleton bean 'org.springframework.boot.sql.init.dependency.DatabaseInitializationDependencyConfigurer$DependsOnDatabaseInitializationPostProcessor'
2025-06-21T12:11:03.888+05:30 DEBUG 8788 --- [sb-ecom] [           main] o.s.b.f.s.DefaultListableBeanFactory     : Creating shared instance of singleton bean 'org.springframework.context.event.internalEventListenerProcessor'
2025-06-21T12:11:03.892+05:30 DEBUG 8788 --- [sb-ecom] [           main] o.s.b.f.s.DefaultListableBeanFactory     : Creating shared instance of singleton bean 'conversionServicePostProcessor'
2025-06-21T12:11:03.908+05:30 DEBUG 8788 --- [sb-ecom] [           main] o.s.b.f.s.DefaultListableBeanFactory     : Creating shared instance of singleton bean 'preserveErrorControllerTargetClassPostProcessor'
2025-06-21T12:11:03.910+05:30 DEBUG 8788 --- [sb-ecom] [           main] o.s.b.f.s.DefaultListableBeanFactory     : Creating shared instance of singleton bean 'org.springframework.context.event.internalEventListenerFactory'
2025-06-21T12:11:03.911+05:30 DEBUG 8788 --- [sb-ecom] [           main] o.s.b.f.s.DefaultListableBeanFactory     : Creating shared instance of singleton bean 'org.springframework.transaction.config.internalTransactionalEventListenerFactory'
2025-06-21T12:11:03.917+05:30 DEBUG 8788 --- [sb-ecom] [           main] o.s.b.f.s.DefaultListableBeanFactory     : Creating shared instance of singleton bean 'org.springframework.boot.test.mock.mockito.MockitoPostProcessor$SpyPostProcessor'
2025-06-21T12:11:03.919+05:30 DEBUG 8788 --- [sb-ecom] [           main] o.s.b.f.s.DefaultListableBeanFactory     : Creating shared instance of singleton bean 'org.springframework.context.annotation.internalAutowiredAnnotationProcessor'
2025-06-21T12:11:03.924+05:30 DEBUG 8788 --- [sb-ecom] [           main] o.s.b.f.s.DefaultListableBeanFactory     : Creating shared instance of singleton bean 'org.springframework.context.annotation.internalCommonAnnotationProcessor'
2025-06-21T12:11:03.931+05:30 DEBUG 8788 --- [sb-ecom] [           main] o.s.b.f.s.DefaultListableBeanFactory     : Creating shared instance of singleton bean 'org.springframework.context.annotation.internalPersistenceAnnotationProcessor'
2025-06-21T12:11:03.933+05:30 DEBUG 8788 --- [sb-ecom] [           main] o.s.b.f.s.DefaultListableBeanFactory     : Creating shared instance of singleton bean 'org.springframework.boot.context.properties.ConfigurationPropertiesBindingPostProcessor'
2025-06-21T12:11:03.933+05:30 DEBUG 8788 --- [sb-ecom] [           main] o.s.b.f.s.DefaultListableBeanFactory     : Creating shared instance of singleton bean 'org.springframework.boot.context.internalConfigurationPropertiesBinder'
2025-06-21T12:11:03.939+05:30 DEBUG 8788 --- [sb-ecom] [           main] o.s.b.f.s.DefaultListableBeanFactory     : Creating shared instance of singleton bean 'jdbcConnectionDetailsHikariBeanPostProcessor'
2025-06-21T12:11:03.946+05:30 DEBUG 8788 --- [sb-ecom] [           main] o.s.b.f.s.DefaultListableBeanFactory     : Creating shared instance of singleton bean 'methodValidationPostProcessor'
2025-06-21T12:11:03.992+05:30 DEBUG 8788 --- [sb-ecom] [           main] o.s.b.f.s.DefaultListableBeanFactory     : Autowiring by type from bean name 'methodValidationPostProcessor' via factory method to bean named 'environment'
2025-06-21T12:11:03.998+05:30 DEBUG 8788 --- [sb-ecom] [           main] o.s.b.f.s.DefaultListableBeanFactory     : Creating shared instance of singleton bean 'org.springframework.boot.context.properties.EnableConfigurationPropertiesRegistrar.methodValidationExcludeFilter'
2025-06-21T12:11:04.039+05:30 DEBUG 8788 --- [sb-ecom] [           main] o.s.b.f.s.DefaultListableBeanFactory     : Creating shared instance of singleton bean 'org.springframework.aop.config.internalAutoProxyCreator'
2025-06-21T12:11:04.080+05:30 DEBUG 8788 --- [sb-ecom] [           main] o.s.b.f.s.DefaultListableBeanFactory     : Creating shared instance of singleton bean 'persistenceExceptionTranslationPostProcessor'
2025-06-21T12:11:04.083+05:30 DEBUG 8788 --- [sb-ecom] [           main] o.s.b.f.s.DefaultListableBeanFactory     : Autowiring by type from bean name 'persistenceExceptionTranslationPostProcessor' via factory method to bean named 'environment'
2025-06-21T12:11:04.086+05:30 DEBUG 8788 --- [sb-ecom] [           main] o.s.b.f.s.DefaultListableBeanFactory     : Creating shared instance of singleton bean 'webServerFactoryCustomizerBeanPostProcessor'
2025-06-21T12:11:04.088+05:30 DEBUG 8788 --- [sb-ecom] [           main] o.s.b.f.s.DefaultListableBeanFactory     : Creating shared instance of singleton bean 'errorPageRegistrarBeanPostProcessor'
2025-06-21T12:11:04.090+05:30 DEBUG 8788 --- [sb-ecom] [           main] o.s.b.f.s.DefaultListableBeanFactory     : Creating shared instance of singleton bean 'projectingArgumentResolverBeanPostProcessor'
2025-06-21T12:11:04.092+05:30 DEBUG 8788 --- [sb-ecom] [           main] o.s.b.f.s.DefaultListableBeanFactory     : Creating shared instance of singleton bean 'org.springframework.transaction.config.internalTransactionAdvisor'
2025-06-21T12:11:04.093+05:30 DEBUG 8788 --- [sb-ecom] [           main] o.s.b.f.s.DefaultListableBeanFactory     : Creating shared instance of singleton bean 'org.springframework.transaction.annotation.ProxyTransactionManagementConfiguration'
2025-06-21T12:11:04.117+05:30 DEBUG 8788 --- [sb-ecom] [           main] o.s.b.f.s.DefaultListableBeanFactory     : Creating shared instance of singleton bean 'transactionAttributeSource'
2025-06-21T12:11:04.120+05:30 DEBUG 8788 --- [sb-ecom] [           main] o.s.b.f.s.DefaultListableBeanFactory     : Creating shared instance of singleton bean 'transactionInterceptor'
2025-06-21T12:11:04.123+05:30 DEBUG 8788 --- [sb-ecom] [           main] o.s.b.f.s.DefaultListableBeanFactory     : Autowiring by type from bean name 'transactionInterceptor' via factory method to bean named 'transactionAttributeSource'
2025-06-21T12:11:04.136+05:30 DEBUG 8788 --- [sb-ecom] [           main] o.s.b.f.s.DefaultListableBeanFactory     : Autowiring by type from bean name 'org.springframework.transaction.config.internalTransactionAdvisor' via factory method to bean named 'transactionAttributeSource'
2025-06-21T12:11:04.137+05:30 DEBUG 8788 --- [sb-ecom] [           main] o.s.b.f.s.DefaultListableBeanFactory     : Autowiring by type from bean name 'org.springframework.transaction.config.internalTransactionAdvisor' via factory method to bean named 'transactionInterceptor'
2025-06-21T12:11:04.191+05:30 DEBUG 8788 --- [sb-ecom] [           main] o.s.u.c.s.UiApplicationContextUtils      : Unable to locate ThemeSource with name 'themeSource': using default [org.springframework.ui.context.support.ResourceBundleThemeSource@4215e133]
2025-06-21T12:11:04.194+05:30 DEBUG 8788 --- [sb-ecom] [           main] o.s.b.f.s.DefaultListableBeanFactory     : Creating shared instance of singleton bean 'dataSourceScriptDatabaseInitializer'
2025-06-21T12:11:04.194+05:30 DEBUG 8788 --- [sb-ecom] [           main] o.s.b.f.s.DefaultListableBeanFactory     : Creating shared instance of singleton bean 'org.springframework.boot.autoconfigure.sql.init.DataSourceInitializationConfiguration'
2025-06-21T12:11:04.200+05:30 DEBUG 8788 --- [sb-ecom] [           main] o.s.b.f.s.DefaultListableBeanFactory     : Creating shared instance of singleton bean 'dataSource'
2025-06-21T12:11:04.201+05:30 DEBUG 8788 --- [sb-ecom] [           main] o.s.b.f.s.DefaultListableBeanFactory     : Creating shared instance of singleton bean 'org.springframework.boot.autoconfigure.jdbc.DataSourceConfiguration$Hikari'
2025-06-21T12:11:04.204+05:30 DEBUG 8788 --- [sb-ecom] [           main] o.s.b.f.s.DefaultListableBeanFactory     : Creating shared instance of singleton bean 'spring.datasource-org.springframework.boot.autoconfigure.jdbc.DataSourceProperties'
2025-06-21T12:11:04.208+05:30 DEBUG 8788 --- [sb-ecom] [           main] o.s.b.f.s.DefaultListableBeanFactory     : Creating shared instance of singleton bean 'org.springframework.boot.context.properties.BoundConfigurationProperties'
2025-06-21T12:11:04.261+05:30 DEBUG 8788 --- [sb-ecom] [           main] o.s.b.f.s.DefaultListableBeanFactory     : Creating shared instance of singleton bean 'jdbcConnectionDetails'
2025-06-21T12:11:04.262+05:30 DEBUG 8788 --- [sb-ecom] [           main] o.s.b.f.s.DefaultListableBeanFactory     : Creating shared instance of singleton bean 'org.springframework.boot.autoconfigure.jdbc.DataSourceAutoConfiguration$PooledDataSourceConfiguration'
2025-06-21T12:11:04.266+05:30 DEBUG 8788 --- [sb-ecom] [           main] o.s.b.f.s.DefaultListableBeanFactory     : Autowiring by type from bean name 'jdbcConnectionDetails' via factory method to bean named 'spring.datasource-org.springframework.boot.autoconfigure.jdbc.DataSourceProperties'
2025-06-21T12:11:04.269+05:30 DEBUG 8788 --- [sb-ecom] [           main] o.s.b.f.s.DefaultListableBeanFactory     : Autowiring by type from bean name 'dataSource' via factory method to bean named 'spring.datasource-org.springframework.boot.autoconfigure.jdbc.DataSourceProperties'
2025-06-21T12:11:04.269+05:30 DEBUG 8788 --- [sb-ecom] [           main] o.s.b.f.s.DefaultListableBeanFactory     : Autowiring by type from bean name 'dataSource' via factory method to bean named 'jdbcConnectionDetails'
2025-06-21T12:11:04.378+05:30 DEBUG 8788 --- [sb-ecom] [           main] o.s.b.f.s.DefaultListableBeanFactory     : Creating shared instance of singleton bean 'spring.sql.init-org.springframework.boot.autoconfigure.sql.init.SqlInitializationProperties'
2025-06-21T12:11:04.386+05:30 DEBUG 8788 --- [sb-ecom] [           main] o.s.b.f.s.DefaultListableBeanFactory     : Autowiring by type from bean name 'dataSourceScriptDatabaseInitializer' via factory method to bean named 'dataSource'
2025-06-21T12:11:04.386+05:30 DEBUG 8788 --- [sb-ecom] [           main] o.s.b.f.s.DefaultListableBeanFactory     : Autowiring by type from bean name 'dataSourceScriptDatabaseInitializer' via factory method to bean named 'spring.sql.init-org.springframework.boot.autoconfigure.sql.init.SqlInitializationProperties'
2025-06-21T12:11:04.400+05:30 DEBUG 8788 --- [sb-ecom] [           main] o.s.b.f.s.DefaultListableBeanFactory     : Creating shared instance of singleton bean 'entityManagerFactory'
2025-06-21T12:11:04.401+05:30 DEBUG 8788 --- [sb-ecom] [           main] o.s.b.f.s.DefaultListableBeanFactory     : Creating shared instance of singleton bean 'org.springframework.boot.autoconfigure.orm.jpa.HibernateJpaConfiguration'
2025-06-21T12:11:04.407+05:30 DEBUG 8788 --- [sb-ecom] [           main] o.s.b.f.s.DefaultListableBeanFactory     : Creating shared instance of singleton bean 'spring.jpa-org.springframework.boot.autoconfigure.orm.jpa.JpaProperties'
2025-06-21T12:11:04.416+05:30 DEBUG 8788 --- [sb-ecom] [           main] o.s.b.f.s.DefaultListableBeanFactory     : Creating shared instance of singleton bean 'spring.jpa.hibernate-org.springframework.boot.autoconfigure.orm.jpa.HibernateProperties'
2025-06-21T12:11:04.424+05:30 DEBUG 8788 --- [sb-ecom] [           main] o.s.b.f.s.DefaultListableBeanFactory     : Autowiring by type from bean name 'org.springframework.boot.autoconfigure.orm.jpa.HibernateJpaConfiguration' via constructor to bean named 'dataSource'
2025-06-21T12:11:04.424+05:30 DEBUG 8788 --- [sb-ecom] [           main] o.s.b.f.s.DefaultListableBeanFactory     : Autowiring by type from bean name 'org.springframework.boot.autoconfigure.orm.jpa.HibernateJpaConfiguration' via constructor to bean named 'spring.jpa-org.springframework.boot.autoconfigure.orm.jpa.JpaProperties'
2025-06-21T12:11:04.424+05:30 DEBUG 8788 --- [sb-ecom] [           main] o.s.b.f.s.DefaultListableBeanFactory     : Autowiring by type from bean name 'org.springframework.boot.autoconfigure.orm.jpa.HibernateJpaConfiguration' via constructor to bean named 'org.springframework.beans.factory.support.DefaultListableBeanFactory@5767b2af'
2025-06-21T12:11:04.424+05:30 DEBUG 8788 --- [sb-ecom] [           main] o.s.b.f.s.DefaultListableBeanFactory     : Autowiring by type from bean name 'org.springframework.boot.autoconfigure.orm.jpa.HibernateJpaConfiguration' via constructor to bean named 'spring.jpa.hibernate-org.springframework.boot.autoconfigure.orm.jpa.HibernateProperties'
2025-06-21T12:11:04.437+05:30 DEBUG 8788 --- [sb-ecom] [           main] o.s.b.f.s.DefaultListableBeanFactory     : Creating shared instance of singleton bean 'hikariPoolDataSourceMetadataProvider'
2025-06-21T12:11:04.437+05:30 DEBUG 8788 --- [sb-ecom] [           main] o.s.b.f.s.DefaultListableBeanFactory     : Creating shared instance of singleton bean 'org.springframework.boot.autoconfigure.jdbc.metadata.DataSourcePoolMetadataProvidersConfiguration$HikariPoolDataSourceMetadataProviderConfiguration'
2025-06-21T12:11:04.450+05:30 DEBUG 8788 --- [sb-ecom] [           main] o.s.b.f.s.DefaultListableBeanFactory     : Creating shared instance of singleton bean 'entityManagerFactoryBuilder'
2025-06-21T12:11:04.453+05:30 DEBUG 8788 --- [sb-ecom] [           main] o.s.b.f.s.DefaultListableBeanFactory     : Creating shared instance of singleton bean 'jpaVendorAdapter'
2025-06-21T12:11:04.485+05:30 DEBUG 8788 --- [sb-ecom] [           main] o.s.b.f.s.DefaultListableBeanFactory     : Autowiring by type from bean name 'entityManagerFactoryBuilder' via factory method to bean named 'jpaVendorAdapter'
2025-06-21T12:11:04.497+05:30 DEBUG 8788 --- [sb-ecom] [           main] o.s.b.f.s.DefaultListableBeanFactory     : Creating shared instance of singleton bean 'persistenceManagedTypes'
2025-06-21T12:11:04.500+05:30 DEBUG 8788 --- [sb-ecom] [           main] o.s.b.f.s.DefaultListableBeanFactory     : Autowiring by type from bean name 'persistenceManagedTypes' via factory method to bean named 'org.springframework.beans.factory.support.DefaultListableBeanFactory@5767b2af'
2025-06-21T12:11:04.500+05:30 DEBUG 8788 --- [sb-ecom] [           main] o.s.b.f.s.DefaultListableBeanFactory     : Autowiring by type from bean name 'persistenceManagedTypes' via factory method to bean named 'org.springframework.web.context.support.GenericWebApplicationContext@60afd40d'
2025-06-21T12:11:04.528+05:30 DEBUG 8788 --- [sb-ecom] [           main] o.s.b.f.s.DefaultListableBeanFactory     : Autowiring by type from bean name 'entityManagerFactory' via factory method to bean named 'entityManagerFactoryBuilder'
2025-06-21T12:11:04.529+05:30 DEBUG 8788 --- [sb-ecom] [           main] o.s.b.f.s.DefaultListableBeanFactory     : Autowiring by type from bean name 'entityManagerFactory' via factory method to bean named 'persistenceManagedTypes'
2025-06-21T12:11:04.584+05:30 DEBUG 8788 --- [sb-ecom] [           main] j.LocalContainerEntityManagerFactoryBean : Building JPA container EntityManagerFactory for persistence unit 'default'
2025-06-21T12:11:04.637+05:30  INFO 8788 --- [sb-ecom] [           main] o.hibernate.jpa.internal.util.LogHelper  : HHH000204: Processing PersistenceUnitInfo [name: default]
2025-06-21T12:11:04.859+05:30  INFO 8788 --- [sb-ecom] [           main] org.hibernate.Version                    : HHH000412: Hibernate ORM core version 6.4.4.Final
2025-06-21T12:11:05.003+05:30  INFO 8788 --- [sb-ecom] [           main] o.h.c.internal.RegionFactoryInitiator    : HHH000026: Second-level cache disabled
2025-06-21T12:11:05.763+05:30  INFO 8788 --- [sb-ecom] [           main] o.s.o.j.p.SpringPersistenceUnitInfo      : No LoadTimeWeaver setup: ignoring JPA class transformer
2025-06-21T12:11:05.844+05:30  INFO 8788 --- [sb-ecom] [           main] com.zaxxer.hikari.HikariDataSource       : HikariPool-1 - Starting...
2025-06-21T12:11:11.119+05:30  INFO 8788 --- [sb-ecom] [           main] com.zaxxer.hikari.pool.HikariPool        : HikariPool-1 - Added connection org.postgresql.jdbc.PgConnection@5597ca3
2025-06-21T12:11:11.123+05:30  INFO 8788 --- [sb-ecom] [           main] com.zaxxer.hikari.HikariDataSource       : HikariPool-1 - Start completed.
2025-06-21T12:11:11.629+05:30  WARN 8788 --- [sb-ecom] [           main] org.hibernate.orm.deprecation            : HHH90000025: PostgreSQLDialect does not need to be specified explicitly using 'hibernate.dialect' (remove the property setting and it will be selected by default)
2025-06-21T12:11:16.302+05:30  INFO 8788 --- [sb-ecom] [           main] o.h.e.t.j.p.i.JtaPlatformInitiator       : HHH000489: No JTA platform available (set 'hibernate.transaction.jta.platform' to enable JTA platform integration)
2025-06-21T12:11:37.001+05:30  INFO 8788 --- [sb-ecom] [           main] j.LocalContainerEntityManagerFactoryBean : Initialized JPA EntityManagerFactory for persistence unit 'default'
2025-06-21T12:11:37.015+05:30 DEBUG 8788 --- [sb-ecom] [           main] o.s.b.f.s.DefaultListableBeanFactory     : Creating shared instance of singleton bean 'sbEcomApplication'
2025-06-21T12:11:37.019+05:30 DEBUG 8788 --- [sb-ecom] [           main] o.s.b.f.s.DefaultListableBeanFactory     : Creating shared instance of singleton bean 'appConfig'
2025-06-21T12:11:37.021+05:30 DEBUG 8788 --- [sb-ecom] [           main] o.s.b.f.s.DefaultListableBeanFactory     : Creating shared instance of singleton bean 'webMvcConfig'
2025-06-21T12:11:37.023+05:30 DEBUG 8788 --- [sb-ecom] [           main] o.s.b.f.s.DefaultListableBeanFactory     : Creating shared instance of singleton bean 'addressController'
2025-06-21T12:11:37.041+05:30 DEBUG 8788 --- [sb-ecom] [           main] o.s.b.f.s.DefaultListableBeanFactory     : Creating shared instance of singleton bean 'authUtil'
2025-06-21T12:11:37.046+05:30 DEBUG 8788 --- [sb-ecom] [           main] o.s.b.f.s.DefaultListableBeanFactory     : Creating shared instance of singleton bean 'userRepository'
2025-06-21T12:11:37.063+05:30 DEBUG 8788 --- [sb-ecom] [           main] o.s.b.f.s.DefaultListableBeanFactory     : Creating shared instance of singleton bean 'jpa.named-queries#9'
2025-06-21T12:11:37.071+05:30 DEBUG 8788 --- [sb-ecom] [           main] o.s.b.f.s.DefaultListableBeanFactory     : Creating shared instance of singleton bean 'jpa.UserRepository.fragments#0'
2025-06-21T12:11:37.084+05:30 DEBUG 8788 --- [sb-ecom] [           main] o.s.b.f.s.DefaultListableBeanFactory     : Creating shared instance of singleton bean 'jpaSharedEM_entityManagerFactory'
2025-06-21T12:11:37.216+05:30 DEBUG 8788 --- [sb-ecom] [           main] o.s.b.f.s.DefaultListableBeanFactory     : Creating shared instance of singleton bean 'jpaMappingContext'
2025-06-21T12:11:37.217+05:30 DEBUG 8788 --- [sb-ecom] [           main] .c.JpaMetamodelMappingContextFactoryBean : Initializing JpaMetamodelMappingContext…
2025-06-21T12:11:37.284+05:30 DEBUG 8788 --- [sb-ecom] [           main] .c.JpaMetamodelMappingContextFactoryBean : Finished initializing JpaMetamodelMappingContext
2025-06-21T12:11:37.377+05:30 DEBUG 8788 --- [sb-ecom] [           main] tor$SharedEntityManagerInvocationHandler : Creating new EntityManager for shared EntityManager invocation
2025-06-21T12:11:37.476+05:30 DEBUG 8788 --- [sb-ecom] [           main] tor$SharedEntityManagerInvocationHandler : Creating new EntityManager for shared EntityManager invocation
2025-06-21T12:11:37.665+05:30 DEBUG 8788 --- [sb-ecom] [           main] o.s.d.r.c.s.RepositoryFactorySupport     : Initializing repository instance for com.ecommerce.project.repositories.UserRepository…
2025-06-21T12:11:37.709+05:30 DEBUG 8788 --- [sb-ecom] [           main] tor$SharedEntityManagerInvocationHandler : Creating new EntityManager for shared EntityManager invocation
2025-06-21T12:11:37.814+05:30 DEBUG 8788 --- [sb-ecom] [           main] o.s.d.jpa.repository.query.NamedQuery    : Looking up named query User.existsByUserName
2025-06-21T12:11:37.819+05:30 DEBUG 8788 --- [sb-ecom] [           main] o.s.d.jpa.repository.query.NamedQuery    : Did not find named query User.existsByUserName
2025-06-21T12:11:37.827+05:30 DEBUG 8788 --- [sb-ecom] [           main] tor$SharedEntityManagerInvocationHandler : Creating new EntityManager for shared EntityManager invocation
2025-06-21T12:11:37.953+05:30 DEBUG 8788 --- [sb-ecom] [           main] o.s.d.jpa.repository.query.NamedQuery    : Looking up named query User.existsByEmail
2025-06-21T12:11:37.953+05:30 DEBUG 8788 --- [sb-ecom] [           main] o.s.d.jpa.repository.query.NamedQuery    : Did not find named query User.existsByEmail
2025-06-21T12:11:37.953+05:30 DEBUG 8788 --- [sb-ecom] [           main] tor$SharedEntityManagerInvocationHandler : Creating new EntityManager for shared EntityManager invocation
2025-06-21T12:11:37.956+05:30 DEBUG 8788 --- [sb-ecom] [           main] o.s.d.jpa.repository.query.NamedQuery    : Looking up named query User.findByUserName
2025-06-21T12:11:37.958+05:30 DEBUG 8788 --- [sb-ecom] [           main] o.s.d.jpa.repository.query.NamedQuery    : Did not find named query User.findByUserName
2025-06-21T12:11:37.959+05:30 DEBUG 8788 --- [sb-ecom] [           main] tor$SharedEntityManagerInvocationHandler : Creating new EntityManager for shared EntityManager invocation
2025-06-21T12:11:37.969+05:30 DEBUG 8788 --- [sb-ecom] [           main] o.s.d.r.c.s.RepositoryFactorySupport     : Finished creation of repository instance for com.ecommerce.project.repositories.UserRepository.
2025-06-21T12:11:37.984+05:30 DEBUG 8788 --- [sb-ecom] [           main] o.s.b.f.s.DefaultListableBeanFactory     : Creating shared instance of singleton bean 'addressServiceImpl'
2025-06-21T12:11:37.986+05:30 DEBUG 8788 --- [sb-ecom] [           main] o.s.b.f.s.DefaultListableBeanFactory     : Creating shared instance of singleton bean 'addressRepository'
2025-06-21T12:11:37.988+05:30 DEBUG 8788 --- [sb-ecom] [           main] o.s.b.f.s.DefaultListableBeanFactory     : Creating shared instance of singleton bean 'jpa.named-queries#6'
2025-06-21T12:11:37.991+05:30 DEBUG 8788 --- [sb-ecom] [           main] o.s.b.f.s.DefaultListableBeanFactory     : Creating shared instance of singleton bean 'jpa.AddressRepository.fragments#0'
2025-06-21T12:11:37.993+05:30 DEBUG 8788 --- [sb-ecom] [           main] tor$SharedEntityManagerInvocationHandler : Creating new EntityManager for shared EntityManager invocation
2025-06-21T12:11:37.994+05:30 DEBUG 8788 --- [sb-ecom] [           main] o.s.d.r.c.s.RepositoryFactorySupport     : Initializing repository instance for com.ecommerce.project.repositories.AddressRepository…
2025-06-21T12:11:37.995+05:30 DEBUG 8788 --- [sb-ecom] [           main] tor$SharedEntityManagerInvocationHandler : Creating new EntityManager for shared EntityManager invocation
2025-06-21T12:11:38.008+05:30 DEBUG 8788 --- [sb-ecom] [           main] o.s.d.r.c.s.RepositoryFactorySupport     : Finished creation of repository instance for com.ecommerce.project.repositories.AddressRepository.
2025-06-21T12:11:38.011+05:30 DEBUG 8788 --- [sb-ecom] [           main] o.s.b.f.s.DefaultListableBeanFactory     : Creating shared instance of singleton bean 'modelMapper'
2025-06-21T12:11:38.086+05:30 DEBUG 8788 --- [sb-ecom] [           main] o.s.b.f.s.DefaultListableBeanFactory     : Creating shared instance of singleton bean 'authController'
2025-06-21T12:11:38.093+05:30 DEBUG 8788 --- [sb-ecom] [           main] o.s.b.f.s.DefaultListableBeanFactory     : Creating shared instance of singleton bean 'jwtUtils'
2025-06-21T12:11:38.100+05:30 DEBUG 8788 --- [sb-ecom] [           main] ySourcesPropertyResolver$DefaultResolver : Found key 'spring.app.jwtSecret' in PropertySource 'Config resource 'class path resource [application.properties]' via location 'optional:classpath:/'' with value of type String
2025-06-21T12:11:38.100+05:30 DEBUG 8788 --- [sb-ecom] [           main] o.s.c.e.PropertySourcesPropertyResolver  : Found key 'spring.app.jwtSecret' in PropertySource 'environmentProperties' with value of type String
2025-06-21T12:11:38.102+05:30 DEBUG 8788 --- [sb-ecom] [           main] ySourcesPropertyResolver$DefaultResolver : Found key 'spring.app.jwtExpirationMs' in PropertySource 'Config resource 'class path resource [application.properties]' via location 'optional:classpath:/'' with value of type String
2025-06-21T12:11:38.102+05:30 DEBUG 8788 --- [sb-ecom] [           main] o.s.c.e.PropertySourcesPropertyResolver  : Found key 'spring.app.jwtExpirationMs' in PropertySource 'environmentProperties' with value of type String
2025-06-21T12:11:38.105+05:30 DEBUG 8788 --- [sb-ecom] [           main] ySourcesPropertyResolver$DefaultResolver : Found key 'spring.ecom.app.jwtCookieName' in PropertySource 'Config resource 'class path resource [application.properties]' via location 'optional:classpath:/'' with value of type String
2025-06-21T12:11:38.105+05:30 DEBUG 8788 --- [sb-ecom] [           main] o.s.c.e.PropertySourcesPropertyResolver  : Found key 'spring.ecom.app.jwtCookieName' in PropertySource 'environmentProperties' with value of type String
2025-06-21T12:11:38.110+05:30 DEBUG 8788 --- [sb-ecom] [           main] o.s.b.f.s.DefaultListableBeanFactory     : Creating shared instance of singleton bean 'authenticationManager'
2025-06-21T12:11:38.111+05:30 DEBUG 8788 --- [sb-ecom] [           main] o.s.b.f.s.DefaultListableBeanFactory     : Creating shared instance of singleton bean 'webSecurityConfig'
2025-06-21T12:11:38.113+05:30 DEBUG 8788 --- [sb-ecom] [           main] o.s.b.f.s.DefaultListableBeanFactory     : Creating shared instance of singleton bean 'userDetailsServiceImpl'
2025-06-21T12:11:38.165+05:30 DEBUG 8788 --- [sb-ecom] [           main] o.s.b.f.s.DefaultListableBeanFactory     : Creating shared instance of singleton bean 'authEntryPointJwt'
2025-06-21T12:11:38.168+05:30 DEBUG 8788 --- [sb-ecom] [           main] o.s.b.f.s.DefaultListableBeanFactory     : Creating shared instance of singleton bean 'org.springframework.security.config.annotation.authentication.configuration.AuthenticationConfiguration'
2025-06-21T12:11:38.172+05:30 DEBUG 8788 --- [sb-ecom] [           main] o.s.b.f.s.DefaultListableBeanFactory     : Creating shared instance of singleton bean 'enableGlobalAuthenticationAutowiredConfigurer'
2025-06-21T12:11:38.174+05:30 DEBUG 8788 --- [sb-ecom] [           main] o.s.b.f.s.DefaultListableBeanFactory     : Autowiring by type from bean name 'enableGlobalAuthenticationAutowiredConfigurer' via factory method to bean named 'org.springframework.web.context.support.GenericWebApplicationContext@60afd40d'
2025-06-21T12:11:38.178+05:30 DEBUG 8788 --- [sb-ecom] [           main] o.s.b.f.s.DefaultListableBeanFactory     : Creating shared instance of singleton bean 'initializeUserDetailsBeanManagerConfigurer'
2025-06-21T12:11:38.178+05:30 DEBUG 8788 --- [sb-ecom] [           main] o.s.b.f.s.DefaultListableBeanFactory     : Autowiring by type from bean name 'initializeUserDetailsBeanManagerConfigurer' via factory method to bean named 'org.springframework.web.context.support.GenericWebApplicationContext@60afd40d'
2025-06-21T12:11:38.180+05:30 DEBUG 8788 --- [sb-ecom] [           main] o.s.b.f.s.DefaultListableBeanFactory     : Creating shared instance of singleton bean 'initializeAuthenticationProviderBeanManagerConfigurer'
2025-06-21T12:11:38.181+05:30 DEBUG 8788 --- [sb-ecom] [           main] o.s.b.f.s.DefaultListableBeanFactory     : Autowiring by type from bean name 'initializeAuthenticationProviderBeanManagerConfigurer' via factory method to bean named 'org.springframework.web.context.support.GenericWebApplicationContext@60afd40d'
2025-06-21T12:11:38.186+05:30 DEBUG 8788 --- [sb-ecom] [           main] o.s.b.f.s.DefaultListableBeanFactory     : Creating shared instance of singleton bean 'objectPostProcessor'
2025-06-21T12:11:38.187+05:30 DEBUG 8788 --- [sb-ecom] [           main] o.s.b.f.s.DefaultListableBeanFactory     : Creating shared instance of singleton bean 'org.springframework.security.config.annotation.configuration.ObjectPostProcessorConfiguration'
2025-06-21T12:11:38.188+05:30 DEBUG 8788 --- [sb-ecom] [           main] o.s.b.f.s.DefaultListableBeanFactory     : Autowiring by type from bean name 'objectPostProcessor' via factory method to bean named 'org.springframework.beans.factory.support.DefaultListableBeanFactory@5767b2af'
2025-06-21T12:11:38.194+05:30 DEBUG 8788 --- [sb-ecom] [           main] o.s.b.f.s.DefaultListableBeanFactory     : Autowiring by type from bean name 'authenticationManager' via factory method to bean named 'org.springframework.security.config.annotation.authentication.configuration.AuthenticationConfiguration'
2025-06-21T12:11:38.195+05:30 DEBUG 8788 --- [sb-ecom] [           main] o.s.b.f.s.DefaultListableBeanFactory     : Creating shared instance of singleton bean 'authenticationManagerBuilder'
2025-06-21T12:11:38.196+05:30 DEBUG 8788 --- [sb-ecom] [           main] o.s.b.f.s.DefaultListableBeanFactory     : Autowiring by type from bean name 'authenticationManagerBuilder' via factory method to bean named 'objectPostProcessor'
2025-06-21T12:11:38.197+05:30 DEBUG 8788 --- [sb-ecom] [           main] o.s.b.f.s.DefaultListableBeanFactory     : Autowiring by type from bean name 'authenticationManagerBuilder' via factory method to bean named 'org.springframework.web.context.support.GenericWebApplicationContext@60afd40d'
2025-06-21T12:11:38.198+05:30 DEBUG 8788 --- [sb-ecom] [           main] o.s.b.f.s.DefaultListableBeanFactory     : Creating shared instance of singleton bean 'authenticationEventPublisher'
2025-06-21T12:11:38.199+05:30 DEBUG 8788 --- [sb-ecom] [           main] o.s.b.f.s.DefaultListableBeanFactory     : Creating shared instance of singleton bean 'org.springframework.boot.autoconfigure.security.servlet.SecurityAutoConfiguration'
2025-06-21T12:11:38.201+05:30 DEBUG 8788 --- [sb-ecom] [           main] o.s.b.f.s.DefaultListableBeanFactory     : Autowiring by type from bean name 'authenticationEventPublisher' via factory method to bean named 'org.springframework.web.context.support.GenericWebApplicationContext@60afd40d'
2025-06-21T12:11:38.255+05:30 DEBUG 8788 --- [sb-ecom] [           main] o.s.b.f.s.DefaultListableBeanFactory     : Creating shared instance of singleton bean 'authenticationProvider'
2025-06-21T12:11:38.293+05:30 DEBUG 8788 --- [sb-ecom] [           main] o.s.b.f.s.DefaultListableBeanFactory     : Creating shared instance of singleton bean 'passwordEncoder'
2025-06-21T12:11:38.310+05:30 DEBUG 8788 --- [sb-ecom] [           main] o.s.b.f.s.DefaultListableBeanFactory     : Creating shared instance of singleton bean 'roleRepository'
2025-06-21T12:11:38.312+05:30 DEBUG 8788 --- [sb-ecom] [           main] o.s.b.f.s.DefaultListableBeanFactory     : Creating shared instance of singleton bean 'jpa.named-queries#4'
2025-06-21T12:11:38.315+05:30 DEBUG 8788 --- [sb-ecom] [           main] o.s.b.f.s.DefaultListableBeanFactory     : Creating shared instance of singleton bean 'jpa.RoleRepository.fragments#0'
2025-06-21T12:11:38.317+05:30 DEBUG 8788 --- [sb-ecom] [           main] tor$SharedEntityManagerInvocationHandler : Creating new EntityManager for shared EntityManager invocation
2025-06-21T12:11:38.318+05:30 DEBUG 8788 --- [sb-ecom] [           main] o.s.d.r.c.s.RepositoryFactorySupport     : Initializing repository instance for com.ecommerce.project.repositories.RoleRepository…
2025-06-21T12:11:38.319+05:30 DEBUG 8788 --- [sb-ecom] [           main] tor$SharedEntityManagerInvocationHandler : Creating new EntityManager for shared EntityManager invocation
2025-06-21T12:11:38.326+05:30 DEBUG 8788 --- [sb-ecom] [           main] o.s.d.jpa.repository.query.NamedQuery    : Looking up named query Role.findByRoleName
2025-06-21T12:11:38.327+05:30 DEBUG 8788 --- [sb-ecom] [           main] o.s.d.jpa.repository.query.NamedQuery    : Did not find named query Role.findByRoleName
2025-06-21T12:11:38.328+05:30 DEBUG 8788 --- [sb-ecom] [           main] tor$SharedEntityManagerInvocationHandler : Creating new EntityManager for shared EntityManager invocation
2025-06-21T12:11:38.337+05:30 DEBUG 8788 --- [sb-ecom] [           main] o.s.d.r.c.s.RepositoryFactorySupport     : Finished creation of repository instance for com.ecommerce.project.repositories.RoleRepository.
2025-06-21T12:11:38.342+05:30 DEBUG 8788 --- [sb-ecom] [           main] o.s.b.f.s.DefaultListableBeanFactory     : Creating shared instance of singleton bean 'cartController'
2025-06-21T12:11:38.345+05:30 DEBUG 8788 --- [sb-ecom] [           main] o.s.b.f.s.DefaultListableBeanFactory     : Creating shared instance of singleton bean 'cartRepository'
2025-06-21T12:11:38.347+05:30 DEBUG 8788 --- [sb-ecom] [           main] o.s.b.f.s.DefaultListableBeanFactory     : Creating shared instance of singleton bean 'jpa.named-queries#0'
2025-06-21T12:11:38.350+05:30 DEBUG 8788 --- [sb-ecom] [           main] o.s.b.f.s.DefaultListableBeanFactory     : Creating shared instance of singleton bean 'jpa.CartRepository.fragments#0'
2025-06-21T12:11:38.352+05:30 DEBUG 8788 --- [sb-ecom] [           main] tor$SharedEntityManagerInvocationHandler : Creating new EntityManager for shared EntityManager invocation
2025-06-21T12:11:38.353+05:30 DEBUG 8788 --- [sb-ecom] [           main] o.s.d.r.c.s.RepositoryFactorySupport     : Initializing repository instance for com.ecommerce.project.repositories.CartRepository…
2025-06-21T12:11:38.354+05:30 DEBUG 8788 --- [sb-ecom] [           main] tor$SharedEntityManagerInvocationHandler : Creating new EntityManager for shared EntityManager invocation
2025-06-21T12:11:38.405+05:30  INFO 8788 --- [sb-ecom] [           main] o.s.d.j.r.query.QueryEnhancerFactory     : Hibernate is in classpath; If applicable, HQL parser will be used.
2025-06-21T12:11:38.900+05:30 DEBUG 8788 --- [sb-ecom] [           main] o.s.d.jpa.repository.query.NamedQuery    : Did not find named query Cart.findCartsByProductId.count
2025-06-21T12:11:38.902+05:30 DEBUG 8788 --- [sb-ecom] [           main] tor$SharedEntityManagerInvocationHandler : Creating new EntityManager for shared EntityManager invocation
2025-06-21T12:11:39.485+05:30 DEBUG 8788 --- [sb-ecom] [           main] o.s.d.jpa.repository.query.NamedQuery    : Did not find named query Cart.findCartByEmailAndCartId.count
2025-06-21T12:11:39.486+05:30 DEBUG 8788 --- [sb-ecom] [           main] tor$SharedEntityManagerInvocationHandler : Creating new EntityManager for shared EntityManager invocation
2025-06-21T12:11:39.546+05:30 DEBUG 8788 --- [sb-ecom] [           main] o.s.d.jpa.repository.query.NamedQuery    : Did not find named query Cart.findCartByEmail.count
2025-06-21T12:11:39.546+05:30 DEBUG 8788 --- [sb-ecom] [           main] tor$SharedEntityManagerInvocationHandler : Creating new EntityManager for shared EntityManager invocation
2025-06-21T12:11:39.560+05:30 DEBUG 8788 --- [sb-ecom] [           main] o.s.d.r.c.s.RepositoryFactorySupport     : Finished creation of repository instance for com.ecommerce.project.repositories.CartRepository.
2025-06-21T12:11:39.563+05:30 DEBUG 8788 --- [sb-ecom] [           main] o.s.b.f.s.DefaultListableBeanFactory     : Creating shared instance of singleton bean 'cartServiceImpl'
2025-06-21T12:11:39.575+05:30 DEBUG 8788 --- [sb-ecom] [           main] o.s.b.f.s.DefaultListableBeanFactory     : Creating shared instance of singleton bean 'productRepository'
2025-06-21T12:11:39.579+05:30 DEBUG 8788 --- [sb-ecom] [           main] o.s.b.f.s.DefaultListableBeanFactory     : Creating shared instance of singleton bean 'jpa.named-queries#7'
2025-06-21T12:11:39.581+05:30 DEBUG 8788 --- [sb-ecom] [           main] o.s.b.f.s.DefaultListableBeanFactory     : Creating shared instance of singleton bean 'jpa.ProductRepository.fragments#0'
2025-06-21T12:11:39.583+05:30 DEBUG 8788 --- [sb-ecom] [           main] tor$SharedEntityManagerInvocationHandler : Creating new EntityManager for shared EntityManager invocation
2025-06-21T12:11:39.584+05:30 DEBUG 8788 --- [sb-ecom] [           main] o.s.d.r.c.s.RepositoryFactorySupport     : Initializing repository instance for com.ecommerce.project.repositories.ProductRepository…
2025-06-21T12:11:39.585+05:30 DEBUG 8788 --- [sb-ecom] [           main] tor$SharedEntityManagerInvocationHandler : Creating new EntityManager for shared EntityManager invocation
2025-06-21T12:11:39.597+05:30 DEBUG 8788 --- [sb-ecom] [           main] o.s.d.jpa.repository.query.NamedQuery    : Looking up named query Product.findByProductNameLikeIgnoreCase
2025-06-21T12:11:39.598+05:30 DEBUG 8788 --- [sb-ecom] [           main] o.s.d.jpa.repository.query.NamedQuery    : Did not find named query Product.findByProductNameLikeIgnoreCase
2025-06-21T12:11:39.599+05:30 DEBUG 8788 --- [sb-ecom] [           main] tor$SharedEntityManagerInvocationHandler : Creating new EntityManager for shared EntityManager invocation
2025-06-21T12:11:39.602+05:30 DEBUG 8788 --- [sb-ecom] [           main] o.s.d.jpa.repository.query.NamedQuery    : Looking up named query Product.findByCategoryOrderByPriceAsc
2025-06-21T12:11:39.603+05:30 DEBUG 8788 --- [sb-ecom] [           main] o.s.d.jpa.repository.query.NamedQuery    : Did not find named query Product.findByCategoryOrderByPriceAsc
2025-06-21T12:11:39.603+05:30 DEBUG 8788 --- [sb-ecom] [           main] tor$SharedEntityManagerInvocationHandler : Creating new EntityManager for shared EntityManager invocation
2025-06-21T12:11:39.618+05:30 DEBUG 8788 --- [sb-ecom] [           main] o.s.d.r.c.s.RepositoryFactorySupport     : Finished creation of repository instance for com.ecommerce.project.repositories.ProductRepository.
2025-06-21T12:11:39.621+05:30 DEBUG 8788 --- [sb-ecom] [           main] o.s.b.f.s.DefaultListableBeanFactory     : Creating shared instance of singleton bean 'cartItemRepository'
2025-06-21T12:11:39.632+05:30 DEBUG 8788 --- [sb-ecom] [           main] o.s.b.f.s.DefaultListableBeanFactory     : Creating shared instance of singleton bean 'jpa.named-queries#1'
2025-06-21T12:11:39.635+05:30 DEBUG 8788 --- [sb-ecom] [           main] o.s.b.f.s.DefaultListableBeanFactory     : Creating shared instance of singleton bean 'jpa.CartItemRepository.fragments#0'
2025-06-21T12:11:39.637+05:30 DEBUG 8788 --- [sb-ecom] [           main] tor$SharedEntityManagerInvocationHandler : Creating new EntityManager for shared EntityManager invocation
2025-06-21T12:11:39.638+05:30 DEBUG 8788 --- [sb-ecom] [           main] o.s.d.r.c.s.RepositoryFactorySupport     : Initializing repository instance for com.ecommerce.project.repositories.CartItemRepository…
2025-06-21T12:11:39.642+05:30 DEBUG 8788 --- [sb-ecom] [           main] tor$SharedEntityManagerInvocationHandler : Creating new EntityManager for shared EntityManager invocation
2025-06-21T12:11:39.653+05:30 DEBUG 8788 --- [sb-ecom] [           main] o.s.d.jpa.repository.query.NamedQuery    : Did not find named query CartItem.findCartItemByProductIdAndCartId.count
2025-06-21T12:11:39.654+05:30 DEBUG 8788 --- [sb-ecom] [           main] tor$SharedEntityManagerInvocationHandler : Creating new EntityManager for shared EntityManager invocation
2025-06-21T12:11:39.676+05:30 DEBUG 8788 --- [sb-ecom] [           main] o.s.d.jpa.repository.query.NamedQuery    : Did not find named query CartItem.deleteCartItemByProductIdAndCartId.count
2025-06-21T12:11:39.684+05:30 DEBUG 8788 --- [sb-ecom] [           main] tor$SharedEntityManagerInvocationHandler : Creating new EntityManager for shared EntityManager invocation
2025-06-21T12:11:39.713+05:30 DEBUG 8788 --- [sb-ecom] [           main] o.s.d.jpa.repository.query.NamedQuery    : Did not find named query CartItem.deleteAllByCartId.count
2025-06-21T12:11:39.715+05:30 DEBUG 8788 --- [sb-ecom] [           main] tor$SharedEntityManagerInvocationHandler : Creating new EntityManager for shared EntityManager invocation
2025-06-21T12:11:39.729+05:30 DEBUG 8788 --- [sb-ecom] [           main] o.s.d.r.c.s.RepositoryFactorySupport     : Finished creation of repository instance for com.ecommerce.project.repositories.CartItemRepository.
2025-06-21T12:11:39.753+05:30 DEBUG 8788 --- [sb-ecom] [           main] o.s.b.f.s.DefaultListableBeanFactory     : Creating shared instance of singleton bean 'categoryController'
2025-06-21T12:11:39.757+05:30 DEBUG 8788 --- [sb-ecom] [           main] o.s.b.f.s.DefaultListableBeanFactory     : Creating shared instance of singleton bean 'categoryServiceImpl'
2025-06-21T12:11:39.760+05:30 DEBUG 8788 --- [sb-ecom] [           main] o.s.b.f.s.DefaultListableBeanFactory     : Creating shared instance of singleton bean 'categoryRepository'
2025-06-21T12:11:39.762+05:30 DEBUG 8788 --- [sb-ecom] [           main] o.s.b.f.s.DefaultListableBeanFactory     : Creating shared instance of singleton bean 'jpa.named-queries#2'
2025-06-21T12:11:39.764+05:30 DEBUG 8788 --- [sb-ecom] [           main] o.s.b.f.s.DefaultListableBeanFactory     : Creating shared instance of singleton bean 'jpa.CategoryRepository.fragments#0'
2025-06-21T12:11:39.765+05:30 DEBUG 8788 --- [sb-ecom] [           main] tor$SharedEntityManagerInvocationHandler : Creating new EntityManager for shared EntityManager invocation
2025-06-21T12:11:39.766+05:30 DEBUG 8788 --- [sb-ecom] [           main] o.s.d.r.c.s.RepositoryFactorySupport     : Initializing repository instance for com.ecommerce.project.repositories.CategoryRepository…
2025-06-21T12:11:39.767+05:30 DEBUG 8788 --- [sb-ecom] [           main] tor$SharedEntityManagerInvocationHandler : Creating new EntityManager for shared EntityManager invocation
2025-06-21T12:11:39.774+05:30 DEBUG 8788 --- [sb-ecom] [           main] o.s.d.jpa.repository.query.NamedQuery    : Looking up named query Category.findByCategoryName
2025-06-21T12:11:39.775+05:30 DEBUG 8788 --- [sb-ecom] [           main] o.s.d.jpa.repository.query.NamedQuery    : Did not find named query Category.findByCategoryName
2025-06-21T12:11:39.775+05:30 DEBUG 8788 --- [sb-ecom] [           main] tor$SharedEntityManagerInvocationHandler : Creating new EntityManager for shared EntityManager invocation
2025-06-21T12:11:39.782+05:30 DEBUG 8788 --- [sb-ecom] [           main] o.s.d.r.c.s.RepositoryFactorySupport     : Finished creation of repository instance for com.ecommerce.project.repositories.CategoryRepository.
2025-06-21T12:11:39.786+05:30 DEBUG 8788 --- [sb-ecom] [           main] o.s.b.f.s.DefaultListableBeanFactory     : Creating shared instance of singleton bean 'orderController'
2025-06-21T12:11:39.797+05:30 DEBUG 8788 --- [sb-ecom] [           main] o.s.b.f.s.DefaultListableBeanFactory     : Creating shared instance of singleton bean 'orderServiceImpl'
2025-06-21T12:11:39.803+05:30 DEBUG 8788 --- [sb-ecom] [           main] o.s.b.f.s.DefaultListableBeanFactory     : Creating shared instance of singleton bean 'orderItemRepository'
2025-06-21T12:11:39.807+05:30 DEBUG 8788 --- [sb-ecom] [           main] o.s.b.f.s.DefaultListableBeanFactory     : Creating shared instance of singleton bean 'jpa.named-queries#8'
2025-06-21T12:11:39.810+05:30 DEBUG 8788 --- [sb-ecom] [           main] o.s.b.f.s.DefaultListableBeanFactory     : Creating shared instance of singleton bean 'jpa.OrderItemRepository.fragments#0'
2025-06-21T12:11:39.811+05:30 DEBUG 8788 --- [sb-ecom] [           main] tor$SharedEntityManagerInvocationHandler : Creating new EntityManager for shared EntityManager invocation
2025-06-21T12:11:39.844+05:30 DEBUG 8788 --- [sb-ecom] [           main] o.s.d.r.c.s.RepositoryFactorySupport     : Initializing repository instance for com.ecommerce.project.repositories.OrderItemRepository…
2025-06-21T12:11:39.845+05:30 DEBUG 8788 --- [sb-ecom] [           main] tor$SharedEntityManagerInvocationHandler : Creating new EntityManager for shared EntityManager invocation
2025-06-21T12:11:39.855+05:30 DEBUG 8788 --- [sb-ecom] [           main] o.s.d.r.c.s.RepositoryFactorySupport     : Finished creation of repository instance for com.ecommerce.project.repositories.OrderItemRepository.
2025-06-21T12:11:39.863+05:30 DEBUG 8788 --- [sb-ecom] [           main] o.s.b.f.s.DefaultListableBeanFactory     : Creating shared instance of singleton bean 'orderRepository'
2025-06-21T12:11:39.868+05:30 DEBUG 8788 --- [sb-ecom] [           main] o.s.b.f.s.DefaultListableBeanFactory     : Creating shared instance of singleton bean 'jpa.named-queries#3'
2025-06-21T12:11:39.870+05:30 DEBUG 8788 --- [sb-ecom] [           main] o.s.b.f.s.DefaultListableBeanFactory     : Creating shared instance of singleton bean 'jpa.OrderRepository.fragments#0'
2025-06-21T12:11:39.871+05:30 DEBUG 8788 --- [sb-ecom] [           main] tor$SharedEntityManagerInvocationHandler : Creating new EntityManager for shared EntityManager invocation
2025-06-21T12:11:39.872+05:30 DEBUG 8788 --- [sb-ecom] [           main] o.s.d.r.c.s.RepositoryFactorySupport     : Initializing repository instance for com.ecommerce.project.repositories.OrderRepository…
2025-06-21T12:11:39.877+05:30 DEBUG 8788 --- [sb-ecom] [           main] tor$SharedEntityManagerInvocationHandler : Creating new EntityManager for shared EntityManager invocation
2025-06-21T12:11:39.886+05:30 DEBUG 8788 --- [sb-ecom] [           main] o.s.d.r.c.s.RepositoryFactorySupport     : Finished creation of repository instance for com.ecommerce.project.repositories.OrderRepository.
2025-06-21T12:11:39.890+05:30 DEBUG 8788 --- [sb-ecom] [           main] o.s.b.f.s.DefaultListableBeanFactory     : Creating shared instance of singleton bean 'paymentRepository'
2025-06-21T12:11:39.893+05:30 DEBUG 8788 --- [sb-ecom] [           main] o.s.b.f.s.DefaultListableBeanFactory     : Creating shared instance of singleton bean 'jpa.named-queries#5'
2025-06-21T12:11:39.895+05:30 DEBUG 8788 --- [sb-ecom] [           main] o.s.b.f.s.DefaultListableBeanFactory     : Creating shared instance of singleton bean 'jpa.PaymentRepository.fragments#0'
2025-06-21T12:11:39.901+05:30 DEBUG 8788 --- [sb-ecom] [           main] tor$SharedEntityManagerInvocationHandler : Creating new EntityManager for shared EntityManager invocation
2025-06-21T12:11:39.917+05:30 DEBUG 8788 --- [sb-ecom] [           main] o.s.d.r.c.s.RepositoryFactorySupport     : Initializing repository instance for com.ecommerce.project.repositories.PaymentRepository…
2025-06-21T12:11:39.919+05:30 DEBUG 8788 --- [sb-ecom] [           main] tor$SharedEntityManagerInvocationHandler : Creating new EntityManager for shared EntityManager invocation
2025-06-21T12:11:39.937+05:30 DEBUG 8788 --- [sb-ecom] [           main] o.s.d.r.c.s.RepositoryFactorySupport     : Finished creation of repository instance for com.ecommerce.project.repositories.PaymentRepository.
2025-06-21T12:11:39.961+05:30 DEBUG 8788 --- [sb-ecom] [           main] o.s.b.f.s.DefaultListableBeanFactory     : Creating shared instance of singleton bean 'stripeServiceImpl'
2025-06-21T12:11:39.978+05:30 DEBUG 8788 --- [sb-ecom] [           main] o.s.c.e.PropertySourcesPropertyResolver  : Found key 'stripe.secret.key' in PropertySource 'environmentProperties' with value of type String
2025-06-21T12:11:40.017+05:30 DEBUG 8788 --- [sb-ecom] [           main] o.s.b.f.s.DefaultListableBeanFactory     : Creating shared instance of singleton bean 'productController'
2025-06-21T12:11:40.020+05:30 DEBUG 8788 --- [sb-ecom] [           main] o.s.b.f.s.DefaultListableBeanFactory     : Creating shared instance of singleton bean 'productServiceImpl'
2025-06-21T12:11:40.034+05:30 DEBUG 8788 --- [sb-ecom] [           main] o.s.b.f.s.DefaultListableBeanFactory     : Creating shared instance of singleton bean 'fileServiceImpl'
2025-06-21T12:11:40.036+05:30 DEBUG 8788 --- [sb-ecom] [           main] o.s.c.e.PropertySourcesPropertyResolver  : Found key 'project.image' in PropertySource 'environmentProperties' with value of type String
2025-06-21T12:11:40.037+05:30 DEBUG 8788 --- [sb-ecom] [           main] o.s.c.e.PropertySourcesPropertyResolver  : Found key 'image.base.url' in PropertySource 'environmentProperties' with value of type String
2025-06-21T12:11:40.042+05:30 DEBUG 8788 --- [sb-ecom] [           main] o.s.b.f.s.DefaultListableBeanFactory     : Creating shared instance of singleton bean 'myGlobalExceptionHandler'
2025-06-21T12:11:40.047+05:30 DEBUG 8788 --- [sb-ecom] [           main] o.s.b.f.s.DefaultListableBeanFactory     : Creating shared instance of singleton bean 'authTokenFilter'
2025-06-21T12:11:40.051+05:30 DEBUG 8788 --- [sb-ecom] [           main] o.s.b.f.s.DefaultListableBeanFactory     : Creating shared instance of singleton bean 'webConfig'
2025-06-21T12:11:40.053+05:30 DEBUG 8788 --- [sb-ecom] [           main] o.s.c.e.PropertySourcesPropertyResolver  : Found key 'frontend.url' in PropertySource 'environmentProperties' with value of type String
2025-06-21T12:11:40.054+05:30 DEBUG 8788 --- [sb-ecom] [           main] o.s.b.f.s.DefaultListableBeanFactory     : Creating shared instance of singleton bean 'org.springframework.security.config.annotation.web.configuration.WebSecurityConfiguration'
2025-06-21T12:11:40.062+05:30 DEBUG 8788 --- [sb-ecom] [           main] o.s.b.f.s.DefaultListableBeanFactory     : Creating shared instance of singleton bean 'org.springframework.security.config.annotation.web.configuration.HttpSecurityConfiguration'
2025-06-21T12:11:40.070+05:30 DEBUG 8788 --- [sb-ecom] [           main] o.s.b.f.s.DefaultListableBeanFactory     : Creating shared instance of singleton bean 'mvcContentNegotiationManager'
2025-06-21T12:11:40.072+05:30 DEBUG 8788 --- [sb-ecom] [           main] o.s.b.f.s.DefaultListableBeanFactory     : Creating shared instance of singleton bean 'org.springframework.boot.autoconfigure.web.servlet.WebMvcAutoConfiguration$EnableWebMvcConfiguration'
2025-06-21T12:11:40.074+05:30 DEBUG 8788 --- [sb-ecom] [           main] o.s.b.f.s.DefaultListableBeanFactory     : Creating shared instance of singleton bean 'spring.mvc-org.springframework.boot.autoconfigure.web.servlet.WebMvcProperties'
2025-06-21T12:11:40.085+05:30 DEBUG 8788 --- [sb-ecom] [           main] o.s.b.f.s.DefaultListableBeanFactory     : Creating shared instance of singleton bean 'spring.web-org.springframework.boot.autoconfigure.web.WebProperties'
2025-06-21T12:11:40.095+05:30 DEBUG 8788 --- [sb-ecom] [           main] o.s.b.f.s.DefaultListableBeanFactory     : Autowiring by type from bean name 'org.springframework.boot.autoconfigure.web.servlet.WebMvcAutoConfiguration$EnableWebMvcConfiguration' via constructor to bean named 'spring.mvc-org.springframework.boot.autoconfigure.web.servlet.WebMvcProperties'
2025-06-21T12:11:40.096+05:30 DEBUG 8788 --- [sb-ecom] [           main] o.s.b.f.s.DefaultListableBeanFactory     : Autowiring by type from bean name 'org.springframework.boot.autoconfigure.web.servlet.WebMvcAutoConfiguration$EnableWebMvcConfiguration' via constructor to bean named 'spring.web-org.springframework.boot.autoconfigure.web.WebProperties'
2025-06-21T12:11:40.096+05:30 DEBUG 8788 --- [sb-ecom] [           main] o.s.b.f.s.DefaultListableBeanFactory     : Autowiring by type from bean name 'org.springframework.boot.autoconfigure.web.servlet.WebMvcAutoConfiguration$EnableWebMvcConfiguration' via constructor to bean named 'org.springframework.beans.factory.support.DefaultListableBeanFactory@5767b2af'
2025-06-21T12:11:40.109+05:30 DEBUG 8788 --- [sb-ecom] [           main] o.s.b.f.s.DefaultListableBeanFactory     : Creating shared instance of singleton bean 'org.springframework.security.config.annotation.web.configuration.WebMvcSecurityConfiguration'
2025-06-21T12:11:40.111+05:30 DEBUG 8788 --- [sb-ecom] [           main] o.s.b.f.s.DefaultListableBeanFactory     : Creating shared instance of singleton bean 'org.springframework.boot.autoconfigure.web.servlet.WebMvcAutoConfiguration$WebMvcAutoConfigurationAdapter'
2025-06-21T12:11:40.112+05:30 DEBUG 8788 --- [sb-ecom] [           main] o.s.b.f.s.DefaultListableBeanFactory     : Autowiring by type from bean name 'org.springframework.boot.autoconfigure.web.servlet.WebMvcAutoConfiguration$WebMvcAutoConfigurationAdapter' via constructor to bean named 'spring.web-org.springframework.boot.autoconfigure.web.WebProperties'
2025-06-21T12:11:40.112+05:30 DEBUG 8788 --- [sb-ecom] [           main] o.s.b.f.s.DefaultListableBeanFactory     : Autowiring by type from bean name 'org.springframework.boot.autoconfigure.web.servlet.WebMvcAutoConfiguration$WebMvcAutoConfigurationAdapter' via constructor to bean named 'spring.mvc-org.springframework.boot.autoconfigure.web.servlet.WebMvcProperties'
2025-06-21T12:11:40.113+05:30 DEBUG 8788 --- [sb-ecom] [           main] o.s.b.f.s.DefaultListableBeanFactory     : Autowiring by type from bean name 'org.springframework.boot.autoconfigure.web.servlet.WebMvcAutoConfiguration$WebMvcAutoConfigurationAdapter' via constructor to bean named 'org.springframework.beans.factory.support.DefaultListableBeanFactory@5767b2af'
2025-06-21T12:11:40.118+05:30 DEBUG 8788 --- [sb-ecom] [           main] o.s.b.f.s.DefaultListableBeanFactory     : Creating shared instance of singleton bean 'openEntityManagerInViewInterceptorConfigurer'
2025-06-21T12:11:40.118+05:30 DEBUG 8788 --- [sb-ecom] [           main] o.s.b.f.s.DefaultListableBeanFactory     : Creating shared instance of singleton bean 'org.springframework.boot.autoconfigure.orm.jpa.JpaBaseConfiguration$JpaWebConfiguration'
2025-06-21T12:11:40.120+05:30 DEBUG 8788 --- [sb-ecom] [           main] o.s.b.f.s.DefaultListableBeanFactory     : Autowiring by type from bean name 'org.springframework.boot.autoconfigure.orm.jpa.JpaBaseConfiguration$JpaWebConfiguration' via constructor to bean named 'spring.jpa-org.springframework.boot.autoconfigure.orm.jpa.JpaProperties'
2025-06-21T12:11:40.124+05:30 DEBUG 8788 --- [sb-ecom] [           main] o.s.b.f.s.DefaultListableBeanFactory     : Creating shared instance of singleton bean 'openEntityManagerInViewInterceptor'
2025-06-21T12:11:40.125+05:30  WARN 8788 --- [sb-ecom] [           main] JpaBaseConfiguration$JpaWebConfiguration : spring.jpa.open-in-view is enabled by default. Therefore, database queries may be performed during view rendering. Explicitly configure spring.jpa.open-in-view to disable this warning
2025-06-21T12:11:40.131+05:30 DEBUG 8788 --- [sb-ecom] [           main] o.s.b.f.s.DefaultListableBeanFactory     : Autowiring by type from bean name 'openEntityManagerInViewInterceptorConfigurer' via factory method to bean named 'openEntityManagerInViewInterceptor'
2025-06-21T12:11:40.134+05:30 DEBUG 8788 --- [sb-ecom] [           main] o.s.b.f.s.DefaultListableBeanFactory     : Creating shared instance of singleton bean 'org.springframework.data.web.config.SpringDataWebConfiguration'
2025-06-21T12:11:40.137+05:30 DEBUG 8788 --- [sb-ecom] [           main] o.s.b.f.s.DefaultListableBeanFactory     : Autowiring by type from bean name 'org.springframework.data.web.config.SpringDataWebConfiguration' via constructor to bean named 'org.springframework.web.context.support.GenericWebApplicationContext@60afd40d'
2025-06-21T12:11:40.303+05:30 DEBUG 8788 --- [sb-ecom] [           main] o.s.b.f.s.DefaultListableBeanFactory     : Creating shared instance of singleton bean 'mvcHandlerMappingIntrospectorRequestTransformer'
2025-06-21T12:11:40.306+05:30 DEBUG 8788 --- [sb-ecom] [           main] o.s.b.f.s.DefaultListableBeanFactory     : Creating shared instance of singleton bean 'mvcHandlerMappingIntrospector'
2025-06-21T12:11:40.317+05:30 DEBUG 8788 --- [sb-ecom] [           main] o.s.b.f.s.DefaultListableBeanFactory     : Creating shared instance of singleton bean 'welcomePageHandlerMapping'
2025-06-21T12:11:40.318+05:30 DEBUG 8788 --- [sb-ecom] [           main] o.s.b.f.s.DefaultListableBeanFactory     : Creating shared instance of singleton bean 'mvcConversionService'
2025-06-21T12:11:40.346+05:30 DEBUG 8788 --- [sb-ecom] [           main] o.s.b.f.s.DefaultListableBeanFactory     : Creating shared instance of singleton bean 'mvcResourceUrlProvider'
2025-06-21T12:11:40.350+05:30 DEBUG 8788 --- [sb-ecom] [           main] o.s.b.f.s.DefaultListableBeanFactory     : Autowiring by type from bean name 'welcomePageHandlerMapping' via factory method to bean named 'org.springframework.web.context.support.GenericWebApplicationContext@60afd40d'
2025-06-21T12:11:40.350+05:30 DEBUG 8788 --- [sb-ecom] [           main] o.s.b.f.s.DefaultListableBeanFactory     : Autowiring by type from bean name 'welcomePageHandlerMapping' via factory method to bean named 'mvcConversionService'
2025-06-21T12:11:40.350+05:30 DEBUG 8788 --- [sb-ecom] [           main] o.s.b.f.s.DefaultListableBeanFactory     : Autowiring by type from bean name 'welcomePageHandlerMapping' via factory method to bean named 'mvcResourceUrlProvider'
2025-06-21T12:11:40.406+05:30 DEBUG 8788 --- [sb-ecom] [           main] o.s.b.f.s.DefaultListableBeanFactory     : Creating shared instance of singleton bean 'welcomePageNotAcceptableHandlerMapping'
2025-06-21T12:11:40.407+05:30 DEBUG 8788 --- [sb-ecom] [           main] o.s.b.f.s.DefaultListableBeanFactory     : Autowiring by type from bean name 'welcomePageNotAcceptableHandlerMapping' via factory method to bean named 'org.springframework.web.context.support.GenericWebApplicationContext@60afd40d'
2025-06-21T12:11:40.407+05:30 DEBUG 8788 --- [sb-ecom] [           main] o.s.b.f.s.DefaultListableBeanFactory     : Autowiring by type from bean name 'welcomePageNotAcceptableHandlerMapping' via factory method to bean named 'mvcConversionService'
2025-06-21T12:11:40.407+05:30 DEBUG 8788 --- [sb-ecom] [           main] o.s.b.f.s.DefaultListableBeanFactory     : Autowiring by type from bean name 'welcomePageNotAcceptableHandlerMapping' via factory method to bean named 'mvcResourceUrlProvider'
2025-06-21T12:11:40.417+05:30 DEBUG 8788 --- [sb-ecom] [           main] o.s.b.f.s.DefaultListableBeanFactory     : Creating shared instance of singleton bean 'requestMappingHandlerMapping'
2025-06-21T12:11:40.421+05:30 DEBUG 8788 --- [sb-ecom] [           main] o.s.b.f.s.DefaultListableBeanFactory     : Autowiring by type from bean name 'requestMappingHandlerMapping' via factory method to bean named 'mvcContentNegotiationManager'
2025-06-21T12:11:40.421+05:30 DEBUG 8788 --- [sb-ecom] [           main] o.s.b.f.s.DefaultListableBeanFactory     : Autowiring by type from bean name 'requestMappingHandlerMapping' via factory method to bean named 'mvcConversionService'
2025-06-21T12:11:40.421+05:30 DEBUG 8788 --- [sb-ecom] [           main] o.s.b.f.s.DefaultListableBeanFactory     : Autowiring by type from bean name 'requestMappingHandlerMapping' via factory method to bean named 'mvcResourceUrlProvider'
2025-06-21T12:11:40.590+05:30 DEBUG 8788 --- [sb-ecom] [           main] s.w.s.m.m.a.RequestMappingHandlerMapping : 32 mappings in 'requestMappingHandlerMapping'
2025-06-21T12:11:40.595+05:30 DEBUG 8788 --- [sb-ecom] [           main] o.s.b.f.s.DefaultListableBeanFactory     : Creating shared instance of singleton bean 'viewControllerHandlerMapping'
2025-06-21T12:11:40.596+05:30 DEBUG 8788 --- [sb-ecom] [           main] o.s.b.f.s.DefaultListableBeanFactory     : Autowiring by type from bean name 'viewControllerHandlerMapping' via factory method to bean named 'mvcConversionService'
2025-06-21T12:11:40.597+05:30 DEBUG 8788 --- [sb-ecom] [           main] o.s.b.f.s.DefaultListableBeanFactory     : Autowiring by type from bean name 'viewControllerHandlerMapping' via factory method to bean named 'mvcResourceUrlProvider'
2025-06-21T12:11:40.598+05:30 DEBUG 8788 --- [sb-ecom] [           main] o.s.b.f.s.DefaultListableBeanFactory     : Creating shared instance of singleton bean 'beanNameHandlerMapping'
2025-06-21T12:11:40.598+05:30 DEBUG 8788 --- [sb-ecom] [           main] o.s.b.f.s.DefaultListableBeanFactory     : Autowiring by type from bean name 'beanNameHandlerMapping' via factory method to bean named 'mvcConversionService'
2025-06-21T12:11:40.599+05:30 DEBUG 8788 --- [sb-ecom] [           main] o.s.b.f.s.DefaultListableBeanFactory     : Autowiring by type from bean name 'beanNameHandlerMapping' via factory method to bean named 'mvcResourceUrlProvider'
2025-06-21T12:11:40.607+05:30 DEBUG 8788 --- [sb-ecom] [           main] o.s.b.f.s.DefaultListableBeanFactory     : Creating shared instance of singleton bean 'routerFunctionMapping'
2025-06-21T12:11:40.608+05:30 DEBUG 8788 --- [sb-ecom] [           main] o.s.b.f.s.DefaultListableBeanFactory     : Autowiring by type from bean name 'routerFunctionMapping' via factory method to bean named 'mvcConversionService'
2025-06-21T12:11:40.609+05:30 DEBUG 8788 --- [sb-ecom] [           main] o.s.b.f.s.DefaultListableBeanFactory     : Autowiring by type from bean name 'routerFunctionMapping' via factory method to bean named 'mvcResourceUrlProvider'
2025-06-21T12:11:40.611+05:30 DEBUG 8788 --- [sb-ecom] [           main] o.s.b.f.s.DefaultListableBeanFactory     : Creating shared instance of singleton bean 'messageConverters'
2025-06-21T12:11:40.612+05:30 DEBUG 8788 --- [sb-ecom] [           main] o.s.b.f.s.DefaultListableBeanFactory     : Creating shared instance of singleton bean 'org.springframework.boot.autoconfigure.http.HttpMessageConvertersAutoConfiguration'
2025-06-21T12:11:40.620+05:30 DEBUG 8788 --- [sb-ecom] [           main] o.s.b.f.s.DefaultListableBeanFactory     : Creating shared instance of singleton bean 'stringHttpMessageConverter'
2025-06-21T12:11:40.620+05:30 DEBUG 8788 --- [sb-ecom] [           main] o.s.b.f.s.DefaultListableBeanFactory     : Creating shared instance of singleton bean 'org.springframework.boot.autoconfigure.http.HttpMessageConvertersAutoConfiguration$StringHttpMessageConverterConfiguration'
2025-06-21T12:11:40.625+05:30 DEBUG 8788 --- [sb-ecom] [           main] o.s.b.f.s.DefaultListableBeanFactory     : Autowiring by type from bean name 'stringHttpMessageConverter' via factory method to bean named 'environment'
2025-06-21T12:11:40.633+05:30 DEBUG 8788 --- [sb-ecom] [           main] o.s.b.f.s.DefaultListableBeanFactory     : Creating shared instance of singleton bean 'mappingJackson2HttpMessageConverter'
2025-06-21T12:11:40.634+05:30 DEBUG 8788 --- [sb-ecom] [           main] o.s.b.f.s.DefaultListableBeanFactory     : Creating shared instance of singleton bean 'org.springframework.boot.autoconfigure.http.JacksonHttpMessageConvertersConfiguration$MappingJackson2HttpMessageConverterConfiguration'
2025-06-21T12:11:40.636+05:30 DEBUG 8788 --- [sb-ecom] [           main] o.s.b.f.s.DefaultListableBeanFactory     : Creating shared instance of singleton bean 'jacksonObjectMapper'
2025-06-21T12:11:40.639+05:30 DEBUG 8788 --- [sb-ecom] [           main] o.s.b.f.s.DefaultListableBeanFactory     : Creating shared instance of singleton bean 'org.springframework.boot.autoconfigure.jackson.JacksonAutoConfiguration$JacksonObjectMapperConfiguration'
2025-06-21T12:11:40.641+05:30 DEBUG 8788 --- [sb-ecom] [           main] o.s.b.f.s.DefaultListableBeanFactory     : Creating shared instance of singleton bean 'org.springframework.boot.autoconfigure.jackson.JacksonAutoConfiguration$JacksonObjectMapperBuilderConfiguration'
[...]
2025-06-21T12:11:44.446+05:30 DEBUG 8788 --- [sb-ecom] [           main] tor$SharedEntityManagerInvocationHandler : Creating new EntityManager for shared EntityManager invocation
2025-06-21T12:11:44.448+05:30 DEBUG 8788 --- [sb-ecom] [           main] org.hibernate.SQL                        : select u1_0.user_id from users u1_0 where u1_0.username=? fetch first ? rows only
2025-06-21T12:11:44.714+05:30 DEBUG 8788 --- [sb-ecom] [           main] tor$SharedEntityManagerInvocationHandler : Creating new EntityManager for shared EntityManager invocation
2025-06-21T12:11:44.717+05:30 DEBUG 8788 --- [sb-ecom] [           main] org.hibernate.SQL                        : select u1_0.user_id from users u1_0 where u1_0.username=? fetch first ? rows only
2025-06-21T12:11:45.216+05:30 DEBUG 8788 --- [sb-ecom] [           main] tor$SharedEntityManagerInvocationHandler : Creating new EntityManager for shared EntityManager invocation
2025-06-21T12:11:45.232+05:30 DEBUG 8788 --- [sb-ecom] [           main] org.hibernate.SQL                        : select u1_0.user_id,u1_0.email,u1_0.password,u1_0.username from users u1_0 where u1_0.username=?
2025-06-21T12:11:45.730+05:30 DEBUG 8788 --- [sb-ecom] [           main] org.hibernate.SQL                        : select c1_0.cart_id,c1_0.total_price,u1_0.user_id,u1_0.email,u1_0.password,r1_0.user_id,r1_1.role_id,r1_1.role_name,u1_0.username from carts c1_0 left join users u1_0 on u1_0.user_id=c1_0.user_id left join user_role r1_0 on u1_0.user_id=r1_0.user_id left join roles r1_1 on r1_1.role_id=r1_0.role_id where c1_0.user_id=?
2025-06-21T12:11:46.195+05:30 DEBUG 8788 --- [sb-ecom] [           main] org.hibernate.SQL                        : select r1_0.user_id,r1_1.role_id,r1_1.role_name from user_role r1_0 join roles r1_1 on r1_1.role_id=r1_0.role_id where r1_0.user_id=?
2025-06-21T12:11:46.687+05:30 DEBUG 8788 --- [sb-ecom] [           main] o.s.orm.jpa.JpaTransactionManager        : Creating new transaction with name [org.springframework.data.jpa.repository.support.SimpleJpaRepository.save]: PROPAGATION_REQUIRED,ISOLATION_DEFAULT
2025-06-21T12:11:46.688+05:30 DEBUG 8788 --- [sb-ecom] [           main] o.s.orm.jpa.JpaTransactionManager        : Opened new EntityManager [SessionImpl(1632477220<open>)] for JPA transaction
2025-06-21T12:11:46.694+05:30 DEBUG 8788 --- [sb-ecom] [           main] o.s.orm.jpa.JpaTransactionManager        : Exposing JPA transaction as JDBC [org.springframework.orm.jpa.vendor.HibernateJpaDialect$HibernateConnectionHandle@2e3334d]
2025-06-21T12:11:46.729+05:30 DEBUG 8788 --- [sb-ecom] [           main] org.hibernate.SQL                        : select u1_0.user_id,c1_0.cart_id,c1_0.total_price,ci1_0.cart_id,ci1_0.cart_item_id,ci1_0.discount,p1_0.product_id,c2_0.category_id,c2_0.category_name,p1_0.description,p1_0.discount,p1_0.image,p1_0.price,p1_0.product_name,p1_0.quantity,p1_0.special_price,u2_0.user_id,u2_0.email,u2_0.password,u2_0.username,ci1_0.product_price,ci1_0.quantity,u1_0.email,u1_0.password,u1_0.username from users u1_0 left join carts c1_0 on u1_0.user_id=c1_0.user_id left join cart_items ci1_0 on c1_0.cart_id=ci1_0.cart_id left join products p1_0 on p1_0.product_id=ci1_0.product_id left join categories c2_0 on c2_0.category_id=p1_0.category_id left join users u2_0 on u2_0.user_id=p1_0.seller_id where u1_0.user_id=?
2025-06-21T12:11:47.159+05:30 DEBUG 8788 --- [sb-ecom] [           main] org.hibernate.SQL                        : select r1_0.user_id,r1_1.role_id,r1_1.role_name from user_role r1_0 join roles r1_1 on r1_1.role_id=r1_0.role_id where r1_0.user_id=?
2025-06-21T12:11:47.636+05:30 DEBUG 8788 --- [sb-ecom] [           main] org.hibernate.SQL                        : select p1_0.seller_id,p1_0.product_id,c1_0.category_id,c1_0.category_name,p1_0.description,p1_0.discount,p1_0.image,p1_0.price,p1_0.product_name,p1_0.quantity,p1_0.special_price,p2_0.product_id,p2_0.cart_item_id,c2_0.cart_id,c2_0.total_price,u2_0.user_id,u2_0.email,u2_0.password,u2_0.username,p2_0.discount,p2_0.product_price,p2_0.quantity from products p1_0 left join categories c1_0 on c1_0.category_id=p1_0.category_id left join cart_items p2_0 on p1_0.product_id=p2_0.product_id left join carts c2_0 on c2_0.cart_id=p2_0.cart_id left join users u2_0 on u2_0.user_id=c2_0.user_id where p1_0.seller_id=?
2025-06-21T12:11:48.118+05:30 DEBUG 8788 --- [sb-ecom] [           main] org.hibernate.SQL                        : select a1_0.user_id,a1_0.address_id,a1_0.building_name,a1_0.city,a1_0.country,a1_0.pincode,a1_0.state,a1_0.street from addresses a1_0 where a1_0.user_id=?
2025-06-21T12:11:48.606+05:30 DEBUG 8788 --- [sb-ecom] [           main] o.s.orm.jpa.JpaTransactionManager        : Initiating transaction commit
2025-06-21T12:11:48.607+05:30 DEBUG 8788 --- [sb-ecom] [           main] o.s.orm.jpa.JpaTransactionManager        : Committing JPA transaction on EntityManager [SessionImpl(1632477220<open>)]
2025-06-21T12:11:49.085+05:30 DEBUG 8788 --- [sb-ecom] [           main] o.s.orm.jpa.JpaTransactionManager        : Closing JPA EntityManager [SessionImpl(1632477220<open>)] after transaction
2025-06-21T12:11:49.086+05:30 DEBUG 8788 --- [sb-ecom] [           main] tor$SharedEntityManagerInvocationHandler : Creating new EntityManager for shared EntityManager invocation
2025-06-21T12:11:49.088+05:30 DEBUG 8788 --- [sb-ecom] [           main] org.hibernate.SQL                        : select u1_0.user_id,u1_0.email,u1_0.password,u1_0.username from users u1_0 where u1_0.username=?
2025-06-21T12:11:49.570+05:30 DEBUG 8788 --- [sb-ecom] [           main] org.hibernate.SQL                        : select c1_0.cart_id,c1_0.total_price,u1_0.user_id,u1_0.email,u1_0.password,r1_0.user_id,r1_1.role_id,r1_1.role_name,u1_0.username from carts c1_0 left join users u1_0 on u1_0.user_id=c1_0.user_id left join user_role r1_0 on u1_0.user_id=r1_0.user_id left join roles r1_1 on r1_1.role_id=r1_0.role_id where c1_0.user_id=?
2025-06-21T12:11:50.049+05:30 DEBUG 8788 --- [sb-ecom] [           main] org.hibernate.SQL                        : select r1_0.user_id,r1_1.role_id,r1_1.role_name from user_role r1_0 join roles r1_1 on r1_1.role_id=r1_0.role_id where r1_0.user_id=?
2025-06-21T12:11:50.538+05:30 DEBUG 8788 --- [sb-ecom] [           main] o.s.orm.jpa.JpaTransactionManager        : Creating new transaction with name [org.springframework.data.jpa.repository.support.SimpleJpaRepository.save]: PROPAGATION_REQUIRED,ISOLATION_DEFAULT
2025-06-21T12:11:50.539+05:30 DEBUG 8788 --- [sb-ecom] [           main] o.s.orm.jpa.JpaTransactionManager        : Opened new EntityManager [SessionImpl(1505200421<open>)] for JPA transaction
2025-06-21T12:11:50.539+05:30 DEBUG 8788 --- [sb-ecom] [           main] o.s.orm.jpa.JpaTransactionManager        : Exposing JPA transaction as JDBC [org.springframework.orm.jpa.vendor.HibernateJpaDialect$HibernateConnectionHandle@2c1c3c13]
2025-06-21T12:11:50.541+05:30 DEBUG 8788 --- [sb-ecom] [           main] org.hibernate.SQL                        : select u1_0.user_id,c1_0.cart_id,c1_0.total_price,ci1_0.cart_id,ci1_0.cart_item_id,ci1_0.discount,p1_0.product_id,c2_0.category_id,c2_0.category_name,p1_0.description,p1_0.discount,p1_0.image,p1_0.price,p1_0.product_name,p1_0.quantity,p1_0.special_price,u2_0.user_id,u2_0.email,u2_0.password,u2_0.username,ci1_0.product_price,ci1_0.quantity,u1_0.email,u1_0.password,u1_0.username from users u1_0 left join carts c1_0 on u1_0.user_id=c1_0.user_id left join cart_items ci1_0 on c1_0.cart_id=ci1_0.cart_id left join products p1_0 on p1_0.product_id=ci1_0.product_id left join categories c2_0 on c2_0.category_id=p1_0.category_id left join users u2_0 on u2_0.user_id=p1_0.seller_id where u1_0.user_id=?
2025-06-21T12:11:51.016+05:30 DEBUG 8788 --- [sb-ecom] [           main] org.hibernate.SQL                        : select r1_0.user_id,r1_1.role_id,r1_1.role_name from user_role r1_0 join roles r1_1 on r1_1.role_id=r1_0.role_id where r1_0.user_id=?
2025-06-21T12:11:51.498+05:30 DEBUG 8788 --- [sb-ecom] [           main] org.hibernate.SQL                        : select p1_0.seller_id,p1_0.product_id,c1_0.category_id,c1_0.category_name,p1_0.description,p1_0.discount,p1_0.image,p1_0.price,p1_0.product_name,p1_0.quantity,p1_0.special_price,p2_0.product_id,p2_0.cart_item_id,c2_0.cart_id,c2_0.total_price,u2_0.user_id,u2_0.email,u2_0.password,u2_0.username,p2_0.discount,p2_0.product_price,p2_0.quantity from products p1_0 left join categories c1_0 on c1_0.category_id=p1_0.category_id left join cart_items p2_0 on p1_0.product_id=p2_0.product_id left join carts c2_0 on c2_0.cart_id=p2_0.cart_id left join users u2_0 on u2_0.user_id=c2_0.user_id where p1_0.seller_id=?
2025-06-21T12:11:51.978+05:30 DEBUG 8788 --- [sb-ecom] [           main] org.hibernate.SQL                        : select a1_0.user_id,a1_0.address_id,a1_0.building_name,a1_0.city,a1_0.country,a1_0.pincode,a1_0.state,a1_0.street from addresses a1_0 where a1_0.user_id=?
2025-06-21T12:11:52.466+05:30 DEBUG 8788 --- [sb-ecom] [           main] o.s.orm.jpa.JpaTransactionManager        : Initiating transaction commit
2025-06-21T12:11:52.466+05:30 DEBUG 8788 --- [sb-ecom] [           main] o.s.orm.jpa.JpaTransactionManager        : Committing JPA transaction on EntityManager [SessionImpl(1505200421<open>)]
2025-06-21T12:11:52.943+05:30 DEBUG 8788 --- [sb-ecom] [           main] o.s.orm.jpa.JpaTransactionManager        : Closing JPA EntityManager [SessionImpl(1505200421<open>)] after transaction
2025-06-21T12:11:52.944+05:30 DEBUG 8788 --- [sb-ecom] [           main] tor$SharedEntityManagerInvocationHandler : Creating new EntityManager for shared EntityManager invocation
2025-06-21T12:11:52.948+05:30 DEBUG 8788 --- [sb-ecom] [           main] org.hibernate.SQL                        : select u1_0.user_id,u1_0.email,u1_0.password,u1_0.username from users u1_0 where u1_0.username=?
2025-06-21T12:11:53.445+05:30 DEBUG 8788 --- [sb-ecom] [           main] org.hibernate.SQL                        : select c1_0.cart_id,c1_0.total_price,u1_0.user_id,u1_0.email,u1_0.password,r1_0.user_id,r1_1.role_id,r1_1.role_name,u1_0.username from carts c1_0 left join users u1_0 on u1_0.user_id=c1_0.user_id left join user_role r1_0 on u1_0.user_id=r1_0.user_id left join roles r1_1 on r1_1.role_id=r1_0.role_id where c1_0.user_id=?
2025-06-21T12:11:53.705+05:30 DEBUG 8788 --- [sb-ecom] [           main] org.hibernate.SQL                        : select r1_0.user_id,r1_1.role_id,r1_1.role_name from user_role r1_0 join roles r1_1 on r1_1.role_id=r1_0.role_id where r1_0.user_id=?
2025-06-21T12:11:54.164+05:30 DEBUG 8788 --- [sb-ecom] [           main] o.s.orm.jpa.JpaTransactionManager        : Creating new transaction with name [org.springframework.data.jpa.repository.support.SimpleJpaRepository.save]: PROPAGATION_REQUIRED,ISOLATION_DEFAULT
2025-06-21T12:11:54.164+05:30 DEBUG 8788 --- [sb-ecom] [           main] o.s.orm.jpa.JpaTransactionManager        : Opened new EntityManager [SessionImpl(769271971<open>)] for JPA transaction
2025-06-21T12:11:54.164+05:30 DEBUG 8788 --- [sb-ecom] [           main] o.s.orm.jpa.JpaTransactionManager        : Exposing JPA transaction as JDBC [org.springframework.orm.jpa.vendor.HibernateJpaDialect$HibernateConnectionHandle@6a29476d]
2025-06-21T12:11:54.165+05:30 DEBUG 8788 --- [sb-ecom] [           main] org.hibernate.SQL                        : select u1_0.user_id,c1_0.cart_id,c1_0.total_price,ci1_0.cart_id,ci1_0.cart_item_id,ci1_0.discount,p1_0.product_id,c2_0.category_id,c2_0.category_name,p1_0.description,p1_0.discount,p1_0.image,p1_0.price,p1_0.product_name,p1_0.quantity,p1_0.special_price,u2_0.user_id,u2_0.email,u2_0.password,u2_0.username,ci1_0.product_price,ci1_0.quantity,u1_0.email,u1_0.password,u1_0.username from users u1_0 left join carts c1_0 on u1_0.user_id=c1_0.user_id left join cart_items ci1_0 on c1_0.cart_id=ci1_0.cart_id left join products p1_0 on p1_0.product_id=ci1_0.product_id left join categories c2_0 on c2_0.category_id=p1_0.category_id left join users u2_0 on u2_0.user_id=p1_0.seller_id where u1_0.user_id=?
2025-06-21T12:11:54.636+05:30 DEBUG 8788 --- [sb-ecom] [           main] org.hibernate.SQL                        : select r1_0.user_id,r1_1.role_id,r1_1.role_name from user_role r1_0 join roles r1_1 on r1_1.role_id=r1_0.role_id where r1_0.user_id=?
2025-06-21T12:11:55.129+05:30 DEBUG 8788 --- [sb-ecom] [           main] org.hibernate.SQL                        : select p1_0.seller_id,p1_0.product_id,c1_0.category_id,c1_0.category_name,p1_0.description,p1_0.discount,p1_0.image,p1_0.price,p1_0.product_name,p1_0.quantity,p1_0.special_price,p2_0.product_id,p2_0.cart_item_id,c2_0.cart_id,c2_0.total_price,u2_0.user_id,u2_0.email,u2_0.password,u2_0.username,p2_0.discount,p2_0.product_price,p2_0.quantity from products p1_0 left join categories c1_0 on c1_0.category_id=p1_0.category_id left join cart_items p2_0 on p1_0.product_id=p2_0.product_id left join carts c2_0 on c2_0.cart_id=p2_0.cart_id left join users u2_0 on u2_0.user_id=c2_0.user_id where p1_0.seller_id=?
2025-06-21T12:11:55.618+05:30 DEBUG 8788 --- [sb-ecom] [           main] org.hibernate.SQL                        : select a1_0.user_id,a1_0.address_id,a1_0.building_name,a1_0.city,a1_0.country,a1_0.pincode,a1_0.state,a1_0.street from addresses a1_0 where a1_0.user_id=?
2025-06-21T12:11:56.094+05:30 DEBUG 8788 --- [sb-ecom] [           main] o.s.orm.jpa.JpaTransactionManager        : Initiating transaction commit
2025-06-21T12:11:56.094+05:30 DEBUG 8788 --- [sb-ecom] [           main] o.s.orm.jpa.JpaTransactionManager        : Committing JPA transaction on EntityManager [SessionImpl(769271971<open>)]
2025-06-21T12:11:56.577+05:30 DEBUG 8788 --- [sb-ecom] [           main] o.s.orm.jpa.JpaTransactionManager        : Closing JPA EntityManager [SessionImpl(769271971<open>)] after transaction
2025-06-21T12:11:56.578+05:30 DEBUG 8788 --- [sb-ecom] [           main] o.s.boot.devtools.restart.Restarter      : Creating new Restarter for thread Thread[#1,main,5,main]
2025-06-21T12:11:56.579+05:30 DEBUG 8788 --- [sb-ecom] [           main] o.s.b.a.ApplicationAvailabilityBean      : Application availability state ReadinessState changed to ACCEPTING_TRAFFIC
2025-06-21T12:11:56.614+05:30 DEBUG 8788 --- [sb-ecom] [           main] org.springframework.test.context.cache   : Spring test ApplicationContext cache statistics: [DefaultContextCache@12aa9370 size = 1, maxSize = 32, parentContextCount = 0, hitCount = 0, missCount = 1, failureCount = 0]
2025-06-21T12:11:56.615+05:30 DEBUG 8788 --- [sb-ecom] [           main] o.s.t.c.w.ServletTestExecutionListener   : Setting up MockHttpServletRequest, MockHttpServletResponse, ServletWebRequest, and RequestContextHolder for test class com.ecommerce.project.SbEcomApplicationTests
2025-06-21T12:11:56.642+05:30 DEBUG 8788 --- [sb-ecom] [           main] DependencyInjectionTestExecutionListener : Performing dependency injection for test class com.ecommerce.project.SbEcomApplicationTests
2025-06-21T12:11:56.643+05:30 DEBUG 8788 --- [sb-ecom] [           main] org.springframework.test.context.cache   : Spring test ApplicationContext cache statistics: [DefaultContextCache@12aa9370 size = 1, maxSize = 32, parentContextCount = 0, hitCount = 1, missCount = 1, failureCount = 0]
2025-06-21T12:11:56.645+05:30 DEBUG 8788 --- [sb-ecom] [           main] org.springframework.test.context.cache   : Spring test ApplicationContext cache statistics: [DefaultContextCache@12aa9370 size = 1, maxSize = 32, parentContextCount = 0, hitCount = 2, missCount = 1, failureCount = 0]
2025-06-21T12:11:56.665+05:30 DEBUG 8788 --- [sb-ecom] [           main] sContextBeforeModesTestExecutionListener : Before test method: class [SbEcomApplicationTests], method [contextLoads], class annotated with @DirtiesContext [false] with mode [null], method annotated with @DirtiesContext [false] with mode [null]
2025-06-21T12:11:56.670+05:30 DEBUG 8788 --- [sb-ecom] [           main] org.springframework.test.context.cache   : Spring test ApplicationContext cache statistics: [DefaultContextCache@12aa9370 size = 1, maxSize = 32, parentContextCount = 0, hitCount = 3, missCount = 1, failureCount = 0]
2025-06-21T12:11:56.671+05:30 DEBUG 8788 --- [sb-ecom] [           main] org.springframework.test.context.cache   : Spring test ApplicationContext cache statistics: [DefaultContextCache@12aa9370 size = 1, maxSize = 32, parentContextCount = 0, hitCount = 4, missCount = 1, failureCount = 0]
2025-06-21T12:11:57.832+05:30 DEBUG 8788 --- [sb-ecom] [           main] org.springframework.test.context.cache   : Spring test ApplicationContext cache statistics: [DefaultContextCache@12aa9370 size = 1, maxSize = 32, parentContextCount = 0, hitCount = 5, missCount = 1, failureCount = 0]
2025-06-21T12:11:57.845+05:30 DEBUG 8788 --- [sb-ecom] [           main] org.springframework.test.context.cache   : Spring test ApplicationContext cache statistics: [DefaultContextCache@12aa9370 size = 1, maxSize = 32, parentContextCount = 0, hitCount = 6, missCount = 1, failureCount = 0]
2025-06-21T12:11:57.846+05:30 DEBUG 8788 --- [sb-ecom] [           main] org.springframework.test.context.cache   : Spring test ApplicationContext cache statistics: [DefaultContextCache@12aa9370 size = 1, maxSize = 32, parentContextCount = 0, hitCount = 7, missCount = 1, failureCount = 0]
2025-06-21T12:11:57.846+05:30 DEBUG 8788 --- [sb-ecom] [           main] org.springframework.test.context.cache   : Spring test ApplicationContext cache statistics: [DefaultContextCache@12aa9370 size = 1, maxSize = 32, parentContextCount = 0, hitCount = 8, missCount = 1, failureCount = 0]
2025-06-21T12:11:57.848+05:30 DEBUG 8788 --- [sb-ecom] [           main] org.springframework.test.context.cache   : Spring test ApplicationContext cache statistics: [DefaultContextCache@12aa9370 size = 1, maxSize = 32, parentContextCount = 0, hitCount = 9, missCount = 1, failureCount = 0]
2025-06-21T12:11:57.850+05:30 DEBUG 8788 --- [sb-ecom] [           main] org.springframework.test.context.cache   : Spring test ApplicationContext cache statistics: [DefaultContextCache@12aa9370 size = 1, maxSize = 32, parentContextCount = 0, hitCount = 10, missCount = 1, failureCount = 0]
2025-06-21T12:11:57.853+05:30 DEBUG 8788 --- [sb-ecom] [           main] org.springframework.test.context.cache   : Spring test ApplicationContext cache statistics: [DefaultContextCache@12aa9370 size = 1, maxSize = 32, parentContextCount = 0, hitCount = 11, missCount = 1, failureCount = 0]
2025-06-21T12:11:57.857+05:30 DEBUG 8788 --- [sb-ecom] [           main] org.springframework.test.context.cache   : Spring test ApplicationContext cache statistics: [DefaultContextCache@12aa9370 size = 1, maxSize = 32, parentContextCount = 0, hitCount = 12, missCount = 1, failureCount = 0]
2025-06-21T12:11:57.858+05:30 DEBUG 8788 --- [sb-ecom] [           main] .c.s.DirtiesContextTestExecutionListener : After test method: class [SbEcomApplicationTests], method [contextLoads], class annotated with @DirtiesContext [false] with mode [null], method annotated with @DirtiesContext [false] with mode [null]
2025-06-21T12:11:57.859+05:30 DEBUG 8788 --- [sb-ecom] [           main] o.s.t.c.w.ServletTestExecutionListener   : Resetting RequestContextHolder for test class com.ecommerce.project.SbEcomApplicationTests
]]></system-out>
    <system-err><![CDATA[WARNING: A Java agent has been loaded dynamically (C:\Users\klpppe\.m2\repository\net\bytebuddy\byte-buddy-agent\1.14.13\byte-buddy-agent-1.14.13.jar)
WARNING: If a serviceability tool is in use, please run with -XX:+EnableDynamicAgentLoading to hide this warning
WARNING: If a serviceability tool is not in use, please run with -Djdk.instrument.traceUsage for more information
WARNING: Dynamic loading of agents will be disallowed by default in a future release
]]></system-err>
  </testcase>
</testsuite>